{"/app/server.ts": {"path":"/app/server.ts","statementMap":{"0":{"start":{"line":1,"column":0},"end":{"line":5,"column":null}},"1":{"start":{"line":2,"column":2},"end":{"line":2,"column":null}},"2":{"start":{"line":23,"column":8},"end":{"line":23,"column":null}},"3":{"start":{"line":24,"column":15},"end":{"line":24,"column":null}},"4":{"start":{"line":25,"column":17},"end":{"line":25,"column":null}},"5":{"start":{"line":27,"column":8},"end":{"line":30,"column":null}},"6":{"start":{"line":29,"column":16},"end":{"line":29,"column":24}},"7":{"start":{"line":32,"column":13},"end":{"line":34,"column":null}},"8":{"start":{"line":37,"column":2},"end":{"line":56,"column":null}},"9":{"start":{"line":38,"column":17},"end":{"line":38,"column":null}},"10":{"start":{"line":39,"column":17},"end":{"line":39,"column":null}},"11":{"start":{"line":41,"column":15},"end":{"line":41,"column":null}},"12":{"start":{"line":42,"column":4},"end":{"line":42,"column":null}},"13":{"start":{"line":44,"column":15},"end":{"line":44,"column":null}},"14":{"start":{"line":45,"column":4},"end":{"line":45,"column":null}},"15":{"start":{"line":47,"column":15},"end":{"line":47,"column":null}},"16":{"start":{"line":48,"column":4},"end":{"line":48,"column":null}},"17":{"start":{"line":50,"column":15},"end":{"line":50,"column":null}},"18":{"start":{"line":51,"column":4},"end":{"line":51,"column":null}},"19":{"start":{"line":53,"column":4},"end":{"line":53,"column":null}},"20":{"start":{"line":54,"column":4},"end":{"line":54,"column":null}},"21":{"start":{"line":55,"column":4},"end":{"line":55,"column":null}},"22":{"start":{"line":58,"column":2},"end":{"line":69,"column":null}},"23":{"start":{"line":70,"column":2},"end":{"line":80,"column":null}},"24":{"start":{"line":71,"column":19},"end":{"line":71,"column":null}},"25":{"start":{"line":72,"column":4},"end":{"line":77,"column":null}},"26":{"start":{"line":73,"column":6},"end":{"line":73,"column":null}},"27":{"start":{"line":74,"column":6},"end":{"line":74,"column":null}},"28":{"start":{"line":75,"column":6},"end":{"line":75,"column":null}},"29":{"start":{"line":76,"column":6},"end":{"line":76,"column":null}},"30":{"start":{"line":78,"column":4},"end":{"line":78,"column":null}},"31":{"start":{"line":78,"column":34},"end":{"line":78,"column":null}},"32":{"start":{"line":79,"column":4},"end":{"line":79,"column":null}},"33":{"start":{"line":81,"column":2},"end":{"line":81,"column":null}},"34":{"start":{"line":82,"column":2},"end":{"line":82,"column":null}},"35":{"start":{"line":85,"column":19},"end":{"line":85,"column":null}},"36":{"start":{"line":86,"column":22},"end":{"line":86,"column":null}},"37":{"start":{"line":88,"column":30},"end":{"line":106,"column":null}},"38":{"start":{"line":89,"column":15},"end":{"line":89,"column":null}},"39":{"start":{"line":90,"column":16},"end":{"line":90,"column":null}},"40":{"start":{"line":91,"column":18},"end":{"line":91,"column":null}},"41":{"start":{"line":92,"column":26},"end":{"line":92,"column":null}},"42":{"start":{"line":94,"column":4},"end":{"line":105,"column":null}},"43":{"start":{"line":95,"column":22},"end":{"line":95,"column":null}},"44":{"start":{"line":96,"column":6},"end":{"line":98,"column":null}},"45":{"start":{"line":97,"column":8},"end":{"line":97,"column":null}},"46":{"start":{"line":99,"column":6},"end":{"line":101,"column":null}},"47":{"start":{"line":100,"column":8},"end":{"line":100,"column":null}},"48":{"start":{"line":102,"column":6},"end":{"line":102,"column":null}},"49":{"start":{"line":104,"column":6},"end":{"line":104,"column":null}},"50":{"start":{"line":107,"column":2},"end":{"line":107,"column":null}},"51":{"start":{"line":108,"column":2},"end":{"line":108,"column":null}},"52":{"start":{"line":110,"column":8},"end":{"line":110,"column":null}},"53":{"start":{"line":111,"column":2},"end":{"line":111,"column":null}},"54":{"start":{"line":112,"column":2},"end":{"line":112,"column":null}},"55":{"start":{"line":113,"column":2},"end":{"line":113,"column":null}},"56":{"start":{"line":116,"column":2},"end":{"line":131,"column":null}},"57":{"start":{"line":117,"column":25},"end":{"line":117,"column":null}},"58":{"start":{"line":118,"column":28},"end":{"line":122,"column":null}},"59":{"start":{"line":120,"column":18},"end":{"line":120,"column":26}},"60":{"start":{"line":121,"column":19},"end":{"line":121,"column":48}},"61":{"start":{"line":123,"column":18},"end":{"line":123,"column":null}},"62":{"start":{"line":125,"column":20},"end":{"line":125,"column":null}},"63":{"start":{"line":126,"column":4},"end":{"line":128,"column":null}},"64":{"start":{"line":127,"column":6},"end":{"line":127,"column":null}},"65":{"start":{"line":129,"column":5},"end":{"line":129,"column":null}},"66":{"start":{"line":130,"column":4},"end":{"line":130,"column":null}},"67":{"start":{"line":133,"column":2},"end":{"line":188,"column":null}},"68":{"start":{"line":134,"column":4},"end":{"line":134,"column":null}},"69":{"start":{"line":136,"column":23},"end":{"line":136,"column":null}},"70":{"start":{"line":137,"column":21},"end":{"line":177,"column":null}},"71":{"start":{"line":138,"column":6},"end":{"line":138,"column":null}},"72":{"start":{"line":140,"column":21},"end":{"line":140,"column":null}},"73":{"start":{"line":141,"column":19},"end":{"line":141,"column":null}},"74":{"start":{"line":142,"column":33},"end":{"line":142,"column":null}},"75":{"start":{"line":143,"column":26},"end":{"line":143,"column":null}},"76":{"start":{"line":145,"column":6},"end":{"line":167,"column":null}},"77":{"start":{"line":146,"column":8},"end":{"line":146,"column":null}},"78":{"start":{"line":147,"column":8},"end":{"line":147,"column":null}},"79":{"start":{"line":148,"column":6},"end":{"line":167,"column":null}},"80":{"start":{"line":149,"column":8},"end":{"line":149,"column":null}},"81":{"start":{"line":150,"column":8},"end":{"line":150,"column":null}},"82":{"start":{"line":151,"column":8},"end":{"line":153,"column":null}},"83":{"start":{"line":152,"column":10},"end":{"line":152,"column":null}},"84":{"start":{"line":154,"column":6},"end":{"line":167,"column":null}},"85":{"start":{"line":155,"column":8},"end":{"line":155,"column":null}},"86":{"start":{"line":156,"column":8},"end":{"line":156,"column":null}},"87":{"start":{"line":157,"column":8},"end":{"line":160,"column":null}},"88":{"start":{"line":158,"column":10},"end":{"line":158,"column":null}},"89":{"start":{"line":159,"column":10},"end":{"line":159,"column":null}},"90":{"start":{"line":162,"column":8},"end":{"line":162,"column":null}},"91":{"start":{"line":163,"column":8},"end":{"line":163,"column":null}},"92":{"start":{"line":164,"column":8},"end":{"line":166,"column":null}},"93":{"start":{"line":165,"column":10},"end":{"line":165,"column":null}},"94":{"start":{"line":169,"column":6},"end":{"line":176,"column":null}},"95":{"start":{"line":179,"column":4},"end":{"line":182,"column":null}},"96":{"start":{"line":180,"column":6},"end":{"line":180,"column":null}},"97":{"start":{"line":181,"column":6},"end":{"line":181,"column":null}},"98":{"start":{"line":184,"column":4},"end":{"line":187,"column":null}},"99":{"start":{"line":185,"column":6},"end":{"line":185,"column":null}},"100":{"start":{"line":186,"column":6},"end":{"line":186,"column":null}},"101":{"start":{"line":191,"column":2},"end":{"line":195,"column":null}},"102":{"start":{"line":192,"column":4},"end":{"line":192,"column":null}},"103":{"start":{"line":193,"column":4},"end":{"line":193,"column":null}},"104":{"start":{"line":193,"column":25},"end":{"line":193,"column":null}},"105":{"start":{"line":194,"column":4},"end":{"line":194,"column":null}},"106":{"start":{"line":198,"column":2},"end":{"line":210,"column":null}},"107":{"start":{"line":199,"column":17},"end":{"line":202,"column":null}},"108":{"start":{"line":203,"column":4},"end":{"line":203,"column":null}},"109":{"start":{"line":205,"column":21},"end":{"line":205,"column":null}},"110":{"start":{"line":206,"column":4},"end":{"line":206,"column":null}},"111":{"start":{"line":207,"column":4},"end":{"line":209,"column":null}},"112":{"start":{"line":208,"column":6},"end":{"line":208,"column":null}},"113":{"start":{"line":212,"column":2},"end":{"line":216,"column":null}},"114":{"start":{"line":213,"column":4},"end":{"line":215,"column":null}},"115":{"start":{"line":214,"column":6},"end":{"line":214,"column":null}},"116":{"start":{"line":218,"column":2},"end":{"line":218,"column":null}},"117":{"start":{"line":221,"column":26},"end":{"line":221,"column":null}}},"fnMap":{"0":{"name":"startServer","decl":{"start":{"line":22,"column":15},"end":{"line":22,"column":29}},"loc":{"start":{"line":22,"column":29},"end":{"line":219,"column":null}},"line":22},"1":{"name":"(anonymous_1)","decl":{"start":{"line":29,"column":9},"end":{"line":29,"column":10}},"loc":{"start":{"line":29,"column":16},"end":{"line":29,"column":24}},"line":29},"2":{"name":"(anonymous_2)","decl":{"start":{"line":70,"column":10},"end":{"line":70,"column":11}},"loc":{"start":{"line":70,"column":30},"end":{"line":80,"column":3}},"line":70},"3":{"name":"(anonymous_3)","decl":{"start":{"line":88,"column":30},"end":{"line":88,"column":37}},"loc":{"start":{"line":88,"column":113},"end":{"line":106,"column":null}},"line":88},"4":{"name":"(anonymous_4)","decl":{"start":{"line":116,"column":9},"end":{"line":116,"column":10}},"loc":{"start":{"line":116,"column":27},"end":{"line":131,"column":3}},"line":116},"5":{"name":"(anonymous_5)","decl":{"start":{"line":120,"column":11},"end":{"line":120,"column":12}},"loc":{"start":{"line":120,"column":18},"end":{"line":120,"column":26}},"line":120},"6":{"name":"(anonymous_6)","decl":{"start":{"line":121,"column":12},"end":{"line":121,"column":13}},"loc":{"start":{"line":121,"column":19},"end":{"line":121,"column":48}},"line":121},"7":{"name":"(anonymous_7)","decl":{"start":{"line":133,"column":22},"end":{"line":133,"column":23}},"loc":{"start":{"line":133,"column":34},"end":{"line":188,"column":3}},"line":133},"8":{"name":"(anonymous_8)","decl":{"start":{"line":137,"column":33},"end":{"line":137,"column":39}},"loc":{"start":{"line":137,"column":39},"end":{"line":177,"column":7}},"line":137},"9":{"name":"(anonymous_9)","decl":{"start":{"line":179,"column":32},"end":{"line":179,"column":33}},"loc":{"start":{"line":179,"column":42},"end":{"line":182,"column":5}},"line":179},"10":{"name":"(anonymous_10)","decl":{"start":{"line":184,"column":28},"end":{"line":184,"column":34}},"loc":{"start":{"line":184,"column":34},"end":{"line":187,"column":5}},"line":184},"11":{"name":"(anonymous_11)","decl":{"start":{"line":191,"column":10},"end":{"line":191,"column":11}},"loc":{"start":{"line":191,"column":99},"end":{"line":195,"column":3}},"line":191},"12":{"name":"(anonymous_12)","decl":{"start":{"line":207,"column":17},"end":{"line":207,"column":18}},"loc":{"start":{"line":207,"column":31},"end":{"line":209,"column":5}},"line":207},"13":{"name":"(anonymous_13)","decl":{"start":{"line":213,"column":35},"end":{"line":213,"column":41}},"loc":{"start":{"line":213,"column":41},"end":{"line":215,"column":5}},"line":213}},"branchMap":{"0":{"loc":{"start":{"line":24,"column":15},"end":{"line":24,"column":null}},"type":"binary-expr","locations":[{"start":{"line":24,"column":15},"end":{"line":24,"column":43}},{"start":{"line":24,"column":43},"end":{"line":24,"column":null}}],"line":24},"1":{"loc":{"start":{"line":27,"column":26},"end":{"line":27,"column":null}},"type":"binary-expr","locations":[{"start":{"line":27,"column":26},"end":{"line":27,"column":57}},{"start":{"line":27,"column":57},"end":{"line":27,"column":null}}],"line":27},"2":{"loc":{"start":{"line":37,"column":2},"end":{"line":56,"column":null}},"type":"if","locations":[{"start":{"line":37,"column":2},"end":{"line":56,"column":null}},{"start":{},"end":{}}],"line":37},"3":{"loc":{"start":{"line":72,"column":4},"end":{"line":77,"column":null}},"type":"if","locations":[{"start":{"line":72,"column":4},"end":{"line":77,"column":null}},{"start":{},"end":{}}],"line":72},"4":{"loc":{"start":{"line":72,"column":8},"end":{"line":72,"column":51}},"type":"binary-expr","locations":[{"start":{"line":72,"column":8},"end":{"line":72,"column":18}},{"start":{"line":72,"column":18},"end":{"line":72,"column":51}}],"line":72},"5":{"loc":{"start":{"line":78,"column":4},"end":{"line":78,"column":null}},"type":"if","locations":[{"start":{"line":78,"column":4},"end":{"line":78,"column":null}},{"start":{},"end":{}}],"line":78},"6":{"loc":{"start":{"line":85,"column":19},"end":{"line":85,"column":null}},"type":"binary-expr","locations":[{"start":{"line":85,"column":19},"end":{"line":85,"column":44}},{"start":{"line":85,"column":44},"end":{"line":85,"column":null}}],"line":85},"7":{"loc":{"start":{"line":89,"column":15},"end":{"line":89,"column":null}},"type":"binary-expr","locations":[{"start":{"line":89,"column":15},"end":{"line":89,"column":26}},{"start":{"line":89,"column":26},"end":{"line":89,"column":71}},{"start":{"line":89,"column":71},"end":{"line":89,"column":null}}],"line":89},"8":{"loc":{"start":{"line":96,"column":6},"end":{"line":98,"column":null}},"type":"if","locations":[{"start":{"line":96,"column":6},"end":{"line":98,"column":null}},{"start":{},"end":{}}],"line":96},"9":{"loc":{"start":{"line":99,"column":6},"end":{"line":101,"column":null}},"type":"if","locations":[{"start":{"line":99,"column":6},"end":{"line":101,"column":null}},{"start":{},"end":{}}],"line":99},"10":{"loc":{"start":{"line":117,"column":25},"end":{"line":117,"column":null}},"type":"binary-expr","locations":[{"start":{"line":117,"column":25},"end":{"line":117,"column":60}},{"start":{"line":117,"column":60},"end":{"line":117,"column":null}}],"line":117},"11":{"loc":{"start":{"line":123,"column":18},"end":{"line":123,"column":null}},"type":"binary-expr","locations":[{"start":{"line":123,"column":18},"end":{"line":123,"column":38}},{"start":{"line":123,"column":38},"end":{"line":123,"column":null}}],"line":123},"12":{"loc":{"start":{"line":125,"column":20},"end":{"line":125,"column":null}},"type":"cond-expr","locations":[{"start":{"line":125,"column":20},"end":{"line":125,"column":69}},{"start":{"line":125,"column":69},"end":{"line":125,"column":null}}],"line":125},"13":{"loc":{"start":{"line":126,"column":4},"end":{"line":128,"column":null}},"type":"if","locations":[{"start":{"line":126,"column":4},"end":{"line":128,"column":null}},{"start":{},"end":{}}],"line":126},"14":{"loc":{"start":{"line":145,"column":6},"end":{"line":167,"column":null}},"type":"if","locations":[{"start":{"line":145,"column":6},"end":{"line":167,"column":null}},{"start":{"line":148,"column":6},"end":{"line":167,"column":null}}],"line":145},"15":{"loc":{"start":{"line":148,"column":6},"end":{"line":167,"column":null}},"type":"if","locations":[{"start":{"line":148,"column":6},"end":{"line":167,"column":null}},{"start":{"line":154,"column":6},"end":{"line":167,"column":null}}],"line":148},"16":{"loc":{"start":{"line":151,"column":8},"end":{"line":153,"column":null}},"type":"if","locations":[{"start":{"line":151,"column":8},"end":{"line":153,"column":null}},{"start":{},"end":{}}],"line":151},"17":{"loc":{"start":{"line":154,"column":6},"end":{"line":167,"column":null}},"type":"if","locations":[{"start":{"line":154,"column":6},"end":{"line":167,"column":null}},{"start":{"line":161,"column":13},"end":{"line":167,"column":null}}],"line":154},"18":{"loc":{"start":{"line":157,"column":8},"end":{"line":160,"column":null}},"type":"if","locations":[{"start":{"line":157,"column":8},"end":{"line":160,"column":null}},{"start":{},"end":{}}],"line":157},"19":{"loc":{"start":{"line":164,"column":8},"end":{"line":166,"column":null}},"type":"if","locations":[{"start":{"line":164,"column":8},"end":{"line":166,"column":null}},{"start":{},"end":{}}],"line":164},"20":{"loc":{"start":{"line":193,"column":4},"end":{"line":193,"column":null}},"type":"if","locations":[{"start":{"line":193,"column":4},"end":{"line":193,"column":null}},{"start":{},"end":{}}],"line":193},"21":{"loc":{"start":{"line":198,"column":2},"end":{"line":210,"column":null}},"type":"if","locations":[{"start":{"line":198,"column":2},"end":{"line":210,"column":null}},{"start":{"line":204,"column":9},"end":{"line":210,"column":null}}],"line":198},"22":{"loc":{"start":{"line":212,"column":2},"end":{"line":216,"column":null}},"type":"if","locations":[{"start":{"line":212,"column":2},"end":{"line":216,"column":null}},{"start":{},"end":{}}],"line":212}},"s":{"0":1,"1":1,"2":1,"3":1,"4":1,"5":1,"6":1,"7":1,"8":1,"9":1,"10":1,"11":1,"12":1,"13":1,"14":1,"15":1,"16":1,"17":1,"18":1,"19":1,"20":1,"21":1,"22":1,"23":1,"24":3,"25":3,"26":0,"27":0,"28":0,"29":0,"30":3,"31":0,"32":3,"33":1,"34":1,"35":1,"36":1,"37":1,"38":3,"39":3,"40":3,"41":3,"42":3,"43":3,"44":3,"45":3,"46":3,"47":0,"48":3,"49":0,"50":1,"51":1,"52":1,"53":1,"54":1,"55":1,"56":1,"57":0,"58":0,"59":0,"60":0,"61":0,"62":0,"63":0,"64":0,"65":0,"66":0,"67":1,"68":0,"69":0,"70":0,"71":0,"72":0,"73":0,"74":0,"75":0,"76":0,"77":0,"78":0,"79":0,"80":0,"81":0,"82":0,"83":0,"84":0,"85":0,"86":0,"87":0,"88":0,"89":0,"90":0,"91":0,"92":0,"93":0,"94":0,"95":0,"96":0,"97":0,"98":0,"99":0,"100":0,"101":1,"102":0,"103":0,"104":0,"105":0,"106":1,"107":1,"108":1,"109":0,"110":0,"111":0,"112":0,"113":1,"114":0,"115":0,"116":1,"117":1},"f":{"0":1,"1":1,"2":3,"3":3,"4":0,"5":0,"6":0,"7":0,"8":0,"9":0,"10":0,"11":0,"12":0,"13":0},"b":{"0":[1,1],"1":[1,1],"2":[1,0],"3":[0,3],"4":[3,0],"5":[0,3],"6":[1,0],"7":[3,0,0],"8":[3,0],"9":[0,3],"10":[0,0],"11":[0,0],"12":[0,0],"13":[0,0],"14":[0,0],"15":[0,0],"16":[0,0],"17":[0,0],"18":[0,0],"19":[0,0],"20":[0,0],"21":[1,0],"22":[0,1]},"meta":{"lastBranch":23,"lastFunction":14,"lastStatement":118,"seen":{"s:1:0:5:Infinity":0,"s:2:2:2:Infinity":1,"f:22:15:22:29":0,"s:23:8:23:Infinity":2,"s:24:15:24:Infinity":3,"b:24:15:24:43:24:43:24:Infinity":0,"s:25:17:25:Infinity":4,"s:27:8:30:Infinity":5,"b:27:26:27:57:27:57:27:Infinity":1,"f:29:9:29:10":1,"s:29:16:29:24":6,"s:32:13:34:Infinity":7,"b:37:2:56:Infinity:undefined:undefined:undefined:undefined":2,"s:37:2:56:Infinity":8,"s:38:17:38:Infinity":9,"s:39:17:39:Infinity":10,"s:41:15:41:Infinity":11,"s:42:4:42:Infinity":12,"s:44:15:44:Infinity":13,"s:45:4:45:Infinity":14,"s:47:15:47:Infinity":15,"s:48:4:48:Infinity":16,"s:50:15:50:Infinity":17,"s:51:4:51:Infinity":18,"s:53:4:53:Infinity":19,"s:54:4:54:Infinity":20,"s:55:4:55:Infinity":21,"s:58:2:69:Infinity":22,"s:70:2:80:Infinity":23,"f:70:10:70:11":2,"s:71:19:71:Infinity":24,"b:72:4:77:Infinity:undefined:undefined:undefined:undefined":3,"s:72:4:77:Infinity":25,"b:72:8:72:18:72:18:72:51":4,"s:73:6:73:Infinity":26,"s:74:6:74:Infinity":27,"s:75:6:75:Infinity":28,"s:76:6:76:Infinity":29,"b:78:4:78:Infinity:undefined:undefined:undefined:undefined":5,"s:78:4:78:Infinity":30,"s:78:34:78:Infinity":31,"s:79:4:79:Infinity":32,"s:81:2:81:Infinity":33,"s:82:2:82:Infinity":34,"s:85:19:85:Infinity":35,"b:85:19:85:44:85:44:85:Infinity":6,"s:86:22:86:Infinity":36,"s:88:30:106:Infinity":37,"f:88:30:88:37":3,"s:89:15:89:Infinity":38,"b:89:15:89:26:89:26:89:71:89:71:89:Infinity":7,"s:90:16:90:Infinity":39,"s:91:18:91:Infinity":40,"s:92:26:92:Infinity":41,"s:94:4:105:Infinity":42,"s:95:22:95:Infinity":43,"b:96:6:98:Infinity:undefined:undefined:undefined:undefined":8,"s:96:6:98:Infinity":44,"s:97:8:97:Infinity":45,"b:99:6:101:Infinity:undefined:undefined:undefined:undefined":9,"s:99:6:101:Infinity":46,"s:100:8:100:Infinity":47,"s:102:6:102:Infinity":48,"s:104:6:104:Infinity":49,"s:107:2:107:Infinity":50,"s:108:2:108:Infinity":51,"s:110:8:110:Infinity":52,"s:111:2:111:Infinity":53,"s:112:2:112:Infinity":54,"s:113:2:113:Infinity":55,"s:116:2:131:Infinity":56,"f:116:9:116:10":4,"s:117:25:117:Infinity":57,"b:117:25:117:60:117:60:117:Infinity":10,"s:118:28:122:Infinity":58,"f:120:11:120:12":5,"s:120:18:120:26":59,"f:121:12:121:13":6,"s:121:19:121:48":60,"s:123:18:123:Infinity":61,"b:123:18:123:38:123:38:123:Infinity":11,"s:125:20:125:Infinity":62,"b:125:20:125:69:125:69:125:Infinity":12,"b:126:4:128:Infinity:undefined:undefined:undefined:undefined":13,"s:126:4:128:Infinity":63,"s:127:6:127:Infinity":64,"s:129:5:129:Infinity":65,"s:130:4:130:Infinity":66,"s:133:2:188:Infinity":67,"f:133:22:133:23":7,"s:134:4:134:Infinity":68,"s:136:23:136:Infinity":69,"s:137:21:177:Infinity":70,"f:137:33:137:39":8,"s:138:6:138:Infinity":71,"s:140:21:140:Infinity":72,"s:141:19:141:Infinity":73,"s:142:33:142:Infinity":74,"s:143:26:143:Infinity":75,"b:145:6:167:Infinity:148:6:167:Infinity":14,"s:145:6:167:Infinity":76,"s:146:8:146:Infinity":77,"s:147:8:147:Infinity":78,"b:148:6:167:Infinity:154:6:167:Infinity":15,"s:148:6:167:Infinity":79,"s:149:8:149:Infinity":80,"s:150:8:150:Infinity":81,"b:151:8:153:Infinity:undefined:undefined:undefined:undefined":16,"s:151:8:153:Infinity":82,"s:152:10:152:Infinity":83,"b:154:6:167:Infinity:161:13:167:Infinity":17,"s:154:6:167:Infinity":84,"s:155:8:155:Infinity":85,"s:156:8:156:Infinity":86,"b:157:8:160:Infinity:undefined:undefined:undefined:undefined":18,"s:157:8:160:Infinity":87,"s:158:10:158:Infinity":88,"s:159:10:159:Infinity":89,"s:162:8:162:Infinity":90,"s:163:8:163:Infinity":91,"b:164:8:166:Infinity:undefined:undefined:undefined:undefined":19,"s:164:8:166:Infinity":92,"s:165:10:165:Infinity":93,"s:169:6:176:Infinity":94,"s:179:4:182:Infinity":95,"f:179:32:179:33":9,"s:180:6:180:Infinity":96,"s:181:6:181:Infinity":97,"s:184:4:187:Infinity":98,"f:184:28:184:34":10,"s:185:6:185:Infinity":99,"s:186:6:186:Infinity":100,"s:191:2:195:Infinity":101,"f:191:10:191:11":11,"s:192:4:192:Infinity":102,"b:193:4:193:Infinity:undefined:undefined:undefined:undefined":20,"s:193:4:193:Infinity":103,"s:193:25:193:Infinity":104,"s:194:4:194:Infinity":105,"b:198:2:210:Infinity:204:9:210:Infinity":21,"s:198:2:210:Infinity":106,"s:199:17:202:Infinity":107,"s:203:4:203:Infinity":108,"s:205:21:205:Infinity":109,"s:206:4:206:Infinity":110,"s:207:4:209:Infinity":111,"f:207:17:207:18":12,"s:208:6:208:Infinity":112,"b:212:2:216:Infinity:undefined:undefined:undefined:undefined":22,"s:212:2:216:Infinity":113,"s:213:4:215:Infinity":114,"f:213:35:213:41":13,"s:214:6:214:Infinity":115,"s:218:2:218:Infinity":116,"s:221:26:221:Infinity":117},"fnNames":{}}}
,"/app/lib/otelInitializer.ts": {"path":"/app/lib/otelInitializer.ts","statementMap":{"0":{"start":{"line":7,"column":12},"end":{"line":14,"column":null}},"1":{"start":{"line":16,"column":0},"end":{"line":16,"column":null}},"2":{"start":{"line":18,"column":0},"end":{"line":23,"column":null}},"3":{"start":{"line":19,"column":2},"end":{"line":22,"column":null}},"4":{"start":{"line":20,"column":16},"end":{"line":20,"column":57}},"5":{"start":{"line":21,"column":22},"end":{"line":21,"column":67}},"6":{"start":{"line":22,"column":19},"end":{"line":22,"column":34}}},"fnMap":{"0":{"name":"(anonymous_0)","decl":{"start":{"line":18,"column":22},"end":{"line":18,"column":28}},"loc":{"start":{"line":18,"column":28},"end":{"line":23,"column":1}},"line":18},"1":{"name":"(anonymous_1)","decl":{"start":{"line":20,"column":10},"end":{"line":20,"column":16}},"loc":{"start":{"line":20,"column":16},"end":{"line":20,"column":57}},"line":20},"2":{"name":"(anonymous_2)","decl":{"start":{"line":21,"column":11},"end":{"line":21,"column":12}},"loc":{"start":{"line":21,"column":22},"end":{"line":21,"column":67}},"line":21},"3":{"name":"(anonymous_3)","decl":{"start":{"line":22,"column":13},"end":{"line":22,"column":19}},"loc":{"start":{"line":22,"column":19},"end":{"line":22,"column":34}},"line":22}},"branchMap":{},"s":{"0":1,"1":1,"2":1,"3":0,"4":0,"5":0,"6":0},"f":{"0":0,"1":0,"2":0,"3":0},"b":{},"meta":{"lastBranch":0,"lastFunction":4,"lastStatement":7,"seen":{"s:7:12:14:Infinity":0,"s:16:0:16:Infinity":1,"s:18:0:23:Infinity":2,"f:18:22:18:28":0,"s:19:2:22:Infinity":3,"f:20:10:20:16":1,"s:20:16:20:57":4,"f:21:11:21:12":2,"s:21:22:21:67":5,"f:22:13:22:19":3,"s:22:19:22:34":6},"fnNames":{}}}
,"/app/lib/voice-runtime/otel.ts": {"path":"/app/lib/voice-runtime/otel.ts","statementMap":{"0":{"start":{"line":22,"column":2},"end":{"line":22,"column":null}},"1":{"start":{"line":23,"column":2},"end":{"line":23,"column":null}},"2":{"start":{"line":29,"column":4},"end":{"line":29,"column":null}},"3":{"start":{"line":30,"column":4},"end":{"line":30,"column":null}},"4":{"start":{"line":34,"column":4},"end":{"line":34,"column":null}},"5":{"start":{"line":38,"column":4},"end":{"line":38,"column":null}},"6":{"start":{"line":43,"column":19},"end":{"line":43,"column":null}},"7":{"start":{"line":44,"column":33},"end":{"line":50,"column":null}},"8":{"start":{"line":51,"column":4},"end":{"line":51,"column":null}},"9":{"start":{"line":54,"column":21},"end":{"line":56,"column":null}},"10":{"start":{"line":58,"column":4},"end":{"line":58,"column":null}},"11":{"start":{"line":60,"column":4},"end":{"line":60,"column":null}},"12":{"start":{"line":64,"column":17},"end":{"line":64,"column":null}},"13":{"start":{"line":64,"column":38},"end":{"line":64,"column":53}},"14":{"start":{"line":65,"column":4},"end":{"line":80,"column":null}},"15":{"start":{"line":66,"column":6},"end":{"line":66,"column":null}},"16":{"start":{"line":67,"column":6},"end":{"line":67,"column":null}},"17":{"start":{"line":68,"column":6},"end":{"line":68,"column":null}},"18":{"start":{"line":71,"column":32},"end":{"line":75,"column":null}},"19":{"start":{"line":76,"column":6},"end":{"line":76,"column":null}},"20":{"start":{"line":79,"column":6},"end":{"line":79,"column":null}},"21":{"start":{"line":84,"column":4},"end":{"line":89,"column":null}},"22":{"start":{"line":92,"column":4},"end":{"line":92,"column":null}},"23":{"start":{"line":92,"column":36},"end":{"line":92,"column":null}},"24":{"start":{"line":93,"column":4},"end":{"line":93,"column":null}},"25":{"start":{"line":93,"column":33},"end":{"line":93,"column":null}},"26":{"start":{"line":97,"column":4},"end":{"line":97,"column":null}},"27":{"start":{"line":101,"column":4},"end":{"line":101,"column":null}},"28":{"start":{"line":105,"column":4},"end":{"line":105,"column":null}},"29":{"start":{"line":106,"column":4},"end":{"line":106,"column":null}},"30":{"start":{"line":110,"column":29},"end":{"line":110,"column":null}}},"fnMap":{"0":{"name":"constructor","decl":{"start":{"line":27,"column":2},"end":{"line":27,"column":16}},"loc":{"start":{"line":27,"column":16},"end":{"line":31,"column":null}},"line":27},"1":{"name":"getTracer","decl":{"start":{"line":33,"column":9},"end":{"line":33,"column":29}},"loc":{"start":{"line":33,"column":29},"end":{"line":35,"column":null}},"line":33},"2":{"name":"getMeter","decl":{"start":{"line":37,"column":9},"end":{"line":37,"column":27}},"loc":{"start":{"line":37,"column":27},"end":{"line":39,"column":null}},"line":37},"3":{"name":"startLocalSpan","decl":{"start":{"line":42,"column":9},"end":{"line":42,"column":24}},"loc":{"start":{"line":42,"column":103},"end":{"line":61,"column":null}},"line":42},"4":{"name":"endLocalSpan","decl":{"start":{"line":63,"column":9},"end":{"line":63,"column":22}},"loc":{"start":{"line":63,"column":86},"end":{"line":81,"column":null}},"line":63},"5":{"name":"(anonymous_5)","decl":{"start":{"line":64,"column":33},"end":{"line":64,"column":38}},"loc":{"start":{"line":64,"column":38},"end":{"line":64,"column":53}},"line":64},"6":{"name":"recordLocalMetric","decl":{"start":{"line":83,"column":9},"end":{"line":83,"column":27}},"loc":{"start":{"line":83,"column":94},"end":{"line":94,"column":null}},"line":83},"7":{"name":"getSpans","decl":{"start":{"line":96,"column":9},"end":{"line":96,"column":33}},"loc":{"start":{"line":96,"column":33},"end":{"line":98,"column":null}},"line":96},"8":{"name":"getMetrics","decl":{"start":{"line":100,"column":9},"end":{"line":100,"column":37}},"loc":{"start":{"line":100,"column":37},"end":{"line":102,"column":null}},"line":100},"9":{"name":"clear","decl":{"start":{"line":104,"column":9},"end":{"line":104,"column":17}},"loc":{"start":{"line":104,"column":17},"end":{"line":107,"column":null}},"line":104}},"branchMap":{"0":{"loc":{"start":{"line":42,"column":57},"end":{"line":42,"column":103}},"type":"default-arg","locations":[{"start":{"line":42,"column":91},"end":{"line":42,"column":103}}],"line":42},"1":{"loc":{"start":{"line":63,"column":38},"end":{"line":63,"column":86}},"type":"default-arg","locations":[{"start":{"line":63,"column":82},"end":{"line":63,"column":86}}],"line":63},"2":{"loc":{"start":{"line":65,"column":4},"end":{"line":80,"column":null}},"type":"if","locations":[{"start":{"line":65,"column":4},"end":{"line":80,"column":null}},{"start":{},"end":{}}],"line":65},"3":{"loc":{"start":{"line":83,"column":56},"end":{"line":83,"column":94}},"type":"default-arg","locations":[{"start":{"line":83,"column":90},"end":{"line":83,"column":94}}],"line":83},"4":{"loc":{"start":{"line":92,"column":4},"end":{"line":92,"column":null}},"type":"if","locations":[{"start":{"line":92,"column":4},"end":{"line":92,"column":null}},{"start":{},"end":{}}],"line":92},"5":{"loc":{"start":{"line":93,"column":4},"end":{"line":93,"column":null}},"type":"if","locations":[{"start":{"line":93,"column":4},"end":{"line":93,"column":null}},{"start":{},"end":{}}],"line":93}},"s":{"0":1,"1":1,"2":1,"3":1,"4":0,"5":0,"6":4,"7":4,"8":4,"9":4,"10":4,"11":4,"12":4,"13":10,"14":4,"15":4,"16":4,"17":4,"18":4,"19":4,"20":4,"21":7,"22":7,"23":0,"24":7,"25":0,"26":1,"27":0,"28":0,"29":0,"30":1},"f":{"0":1,"1":0,"2":0,"3":4,"4":4,"5":10,"6":7,"7":1,"8":0,"9":0},"b":{"0":[4],"1":[4],"2":[4,0],"3":[7],"4":[0,7],"5":[0,7]},"meta":{"lastBranch":6,"lastFunction":10,"lastStatement":31,"seen":{"f:27:2:27:16":0,"s:22:2:22:Infinity":0,"s:23:2:23:Infinity":1,"s:29:4:29:Infinity":2,"s:30:4:30:Infinity":3,"f:33:9:33:29":1,"s:34:4:34:Infinity":4,"f:37:9:37:27":2,"s:38:4:38:Infinity":5,"f:42:9:42:24":3,"b:42:91:42:103":0,"s:43:19:43:Infinity":6,"s:44:33:50:Infinity":7,"s:51:4:51:Infinity":8,"s:54:21:56:Infinity":9,"s:58:4:58:Infinity":10,"s:60:4:60:Infinity":11,"f:63:9:63:22":4,"b:63:82:63:86":1,"s:64:17:64:Infinity":12,"f:64:33:64:38":5,"s:64:38:64:53":13,"b:65:4:80:Infinity:undefined:undefined:undefined:undefined":2,"s:65:4:80:Infinity":14,"s:66:6:66:Infinity":15,"s:67:6:67:Infinity":16,"s:68:6:68:Infinity":17,"s:71:32:75:Infinity":18,"s:76:6:76:Infinity":19,"s:79:6:79:Infinity":20,"f:83:9:83:27":6,"b:83:90:83:94":3,"s:84:4:89:Infinity":21,"b:92:4:92:Infinity:undefined:undefined:undefined:undefined":4,"s:92:4:92:Infinity":22,"s:92:36:92:Infinity":23,"b:93:4:93:Infinity:undefined:undefined:undefined:undefined":5,"s:93:4:93:Infinity":24,"s:93:33:93:Infinity":25,"f:96:9:96:33":7,"s:97:4:97:Infinity":26,"f:100:9:100:37":8,"s:101:4:101:Infinity":27,"f:104:9:104:17":9,"s:105:4:105:Infinity":28,"s:106:4:106:Infinity":29,"s:110:29:110:Infinity":30},"fnNames":{}}}
,"/app/lib/voice-runtime/providers/LLMGateway.ts": {"path":"/app/lib/voice-runtime/providers/LLMGateway.ts","statementMap":{"0":{"start":{"line":14,"column":2},"end":{"line":14,"column":null}},"1":{"start":{"line":15,"column":2},"end":{"line":15,"column":null}},"2":{"start":{"line":16,"column":2},"end":{"line":16,"column":null}},"3":{"start":{"line":19,"column":2},"end":{"line":23,"column":null}},"4":{"start":{"line":26,"column":16},"end":{"line":26,"column":null}},"5":{"start":{"line":28,"column":4},"end":{"line":30,"column":null}},"6":{"start":{"line":29,"column":12},"end":{"line":29,"column":null}},"7":{"start":{"line":31,"column":4},"end":{"line":33,"column":null}},"8":{"start":{"line":32,"column":6},"end":{"line":32,"column":null}},"9":{"start":{"line":34,"column":4},"end":{"line":34,"column":null}},"10":{"start":{"line":35,"column":4},"end":{"line":35,"column":null}},"11":{"start":{"line":43,"column":19},"end":{"line":46,"column":null}},"12":{"start":{"line":48,"column":22},"end":{"line":48,"column":null}},"13":{"start":{"line":51,"column":4},"end":{"line":54,"column":null}},"14":{"start":{"line":52,"column":6},"end":{"line":52,"column":null}},"15":{"start":{"line":53,"column":6},"end":{"line":53,"column":null}},"16":{"start":{"line":56,"column":26},"end":{"line":56,"column":null}},"17":{"start":{"line":57,"column":29},"end":{"line":57,"column":null}},"18":{"start":{"line":58,"column":15},"end":{"line":58,"column":null}},"19":{"start":{"line":59,"column":21},"end":{"line":59,"column":null}},"20":{"start":{"line":60,"column":21},"end":{"line":60,"column":null}},"21":{"start":{"line":63,"column":68},"end":{"line":66,"column":null}},"22":{"start":{"line":69,"column":24},"end":{"line":69,"column":null}},"23":{"start":{"line":71,"column":4},"end":{"line":165,"column":null}},"24":{"start":{"line":72,"column":6},"end":{"line":72,"column":null}},"25":{"start":{"line":73,"column":6},"end":{"line":164,"column":null}},"26":{"start":{"line":74,"column":8},"end":{"line":160,"column":null}},"27":{"start":{"line":75,"column":25},"end":{"line":75,"column":null}},"28":{"start":{"line":76,"column":10},"end":{"line":76,"column":null}},"29":{"start":{"line":76,"column":23},"end":{"line":76,"column":null}},"30":{"start":{"line":78,"column":21},"end":{"line":85,"column":null}},"31":{"start":{"line":87,"column":27},"end":{"line":94,"column":null}},"32":{"start":{"line":96,"column":10},"end":{"line":96,"column":null}},"33":{"start":{"line":97,"column":10},"end":{"line":97,"column":null}},"34":{"start":{"line":98,"column":10},"end":{"line":98,"column":null}},"35":{"start":{"line":99,"column":8},"end":{"line":160,"column":null}},"36":{"start":{"line":102,"column":25},"end":{"line":102,"column":null}},"37":{"start":{"line":103,"column":10},"end":{"line":103,"column":null}},"38":{"start":{"line":103,"column":23},"end":{"line":103,"column":null}},"39":{"start":{"line":105,"column":22},"end":{"line":119,"column":null}},"40":{"start":{"line":121,"column":10},"end":{"line":123,"column":null}},"41":{"start":{"line":122,"column":12},"end":{"line":122,"column":null}},"42":{"start":{"line":125,"column":23},"end":{"line":125,"column":null}},"43":{"start":{"line":126,"column":10},"end":{"line":126,"column":null}},"44":{"start":{"line":127,"column":10},"end":{"line":127,"column":null}},"45":{"start":{"line":128,"column":10},"end":{"line":128,"column":null}},"46":{"start":{"line":129,"column":8},"end":{"line":160,"column":null}},"47":{"start":{"line":132,"column":25},"end":{"line":132,"column":null}},"48":{"start":{"line":133,"column":10},"end":{"line":133,"column":null}},"49":{"start":{"line":133,"column":23},"end":{"line":133,"column":null}},"50":{"start":{"line":135,"column":22},"end":{"line":150,"column":null}},"51":{"start":{"line":152,"column":10},"end":{"line":154,"column":null}},"52":{"start":{"line":153,"column":12},"end":{"line":153,"column":null}},"53":{"start":{"line":156,"column":23},"end":{"line":156,"column":null}},"54":{"start":{"line":157,"column":10},"end":{"line":157,"column":null}},"55":{"start":{"line":158,"column":10},"end":{"line":158,"column":null}},"56":{"start":{"line":159,"column":10},"end":{"line":159,"column":null}},"57":{"start":{"line":162,"column":8},"end":{"line":162,"column":null}},"58":{"start":{"line":163,"column":8},"end":{"line":163,"column":null}},"59":{"start":{"line":166,"column":4},"end":{"line":169,"column":null}},"60":{"start":{"line":167,"column":6},"end":{"line":167,"column":null}},"61":{"start":{"line":168,"column":6},"end":{"line":168,"column":null}},"62":{"start":{"line":172,"column":22},"end":{"line":172,"column":null}},"63":{"start":{"line":175,"column":20},"end":{"line":175,"column":null}},"64":{"start":{"line":176,"column":25},"end":{"line":176,"column":null}},"65":{"start":{"line":177,"column":29},"end":{"line":177,"column":null}},"66":{"start":{"line":178,"column":10},"end":{"line":178,"column":null}},"67":{"start":{"line":180,"column":4},"end":{"line":187,"column":null}},"68":{"start":{"line":189,"column":4},"end":{"line":189,"column":null}},"69":{"start":{"line":190,"column":4},"end":{"line":190,"column":null}},"70":{"start":{"line":192,"column":4},"end":{"line":199,"column":null}},"71":{"start":{"line":203,"column":34},"end":{"line":203,"column":null}}},"fnMap":{"0":{"name":"constructor","decl":{"start":{"line":13,"column":0},"end":{"line":13,"column":6}},"loc":{"start":{"line":13,"column":0},"end":{"line":23,"column":null}},"line":13},"1":{"name":"checkRateLimit","decl":{"start":{"line":25,"column":10},"end":{"line":25,"column":36}},"loc":{"start":{"line":25,"column":36},"end":{"line":36,"column":null}},"line":25},"2":{"name":"(anonymous_2)","decl":{"start":{"line":29,"column":6},"end":{"line":29,"column":12}},"loc":{"start":{"line":29,"column":12},"end":{"line":29,"column":null}},"line":29},"3":{"name":"processRequest","decl":{"start":{"line":38,"column":15},"end":{"line":38,"column":null}},"loc":{"start":{"line":42,"column":30},"end":{"line":200,"column":null}},"line":42}},"branchMap":{"0":{"loc":{"start":{"line":31,"column":4},"end":{"line":33,"column":null}},"type":"if","locations":[{"start":{"line":31,"column":4},"end":{"line":33,"column":null}},{"start":{},"end":{}}],"line":31},"1":{"loc":{"start":{"line":40,"column":4},"end":{"line":40,"column":null}},"type":"default-arg","locations":[{"start":{"line":40,"column":62},"end":{"line":40,"column":null}}],"line":40},"2":{"loc":{"start":{"line":41,"column":4},"end":{"line":41,"column":null}},"type":"default-arg","locations":[{"start":{"line":41,"column":32},"end":{"line":41,"column":null}}],"line":41},"3":{"loc":{"start":{"line":51,"column":4},"end":{"line":54,"column":null}},"type":"if","locations":[{"start":{"line":51,"column":4},"end":{"line":54,"column":null}},{"start":{},"end":{}}],"line":51},"4":{"loc":{"start":{"line":74,"column":8},"end":{"line":160,"column":null}},"type":"if","locations":[{"start":{"line":74,"column":8},"end":{"line":160,"column":null}},{"start":{"line":99,"column":8},"end":{"line":160,"column":null}}],"line":74},"5":{"loc":{"start":{"line":76,"column":10},"end":{"line":76,"column":null}},"type":"if","locations":[{"start":{"line":76,"column":10},"end":{"line":76,"column":null}},{"start":{},"end":{}}],"line":76},"6":{"loc":{"start":{"line":96,"column":17},"end":{"line":96,"column":null}},"type":"binary-expr","locations":[{"start":{"line":96,"column":17},"end":{"line":96,"column":34}},{"start":{"line":96,"column":34},"end":{"line":96,"column":null}}],"line":96},"7":{"loc":{"start":{"line":97,"column":24},"end":{"line":97,"column":null}},"type":"binary-expr","locations":[{"start":{"line":97,"column":24},"end":{"line":97,"column":68}},{"start":{"line":97,"column":68},"end":{"line":97,"column":null}}],"line":97},"8":{"loc":{"start":{"line":99,"column":8},"end":{"line":160,"column":null}},"type":"if","locations":[{"start":{"line":99,"column":8},"end":{"line":160,"column":null}},{"start":{"line":129,"column":8},"end":{"line":160,"column":null}}],"line":99},"9":{"loc":{"start":{"line":103,"column":10},"end":{"line":103,"column":null}},"type":"if","locations":[{"start":{"line":103,"column":10},"end":{"line":103,"column":null}},{"start":{},"end":{}}],"line":103},"10":{"loc":{"start":{"line":121,"column":10},"end":{"line":123,"column":null}},"type":"if","locations":[{"start":{"line":121,"column":10},"end":{"line":123,"column":null}},{"start":{},"end":{}}],"line":121},"11":{"loc":{"start":{"line":126,"column":17},"end":{"line":126,"column":null}},"type":"binary-expr","locations":[{"start":{"line":126,"column":17},"end":{"line":126,"column":56}},{"start":{"line":126,"column":56},"end":{"line":126,"column":null}}],"line":126},"12":{"loc":{"start":{"line":127,"column":23},"end":{"line":127,"column":null}},"type":"binary-expr","locations":[{"start":{"line":127,"column":23},"end":{"line":127,"column":51}},{"start":{"line":127,"column":51},"end":{"line":127,"column":null}}],"line":127},"13":{"loc":{"start":{"line":129,"column":8},"end":{"line":160,"column":null}},"type":"if","locations":[{"start":{"line":129,"column":8},"end":{"line":160,"column":null}},{"start":{},"end":{}}],"line":129},"14":{"loc":{"start":{"line":133,"column":10},"end":{"line":133,"column":null}},"type":"if","locations":[{"start":{"line":133,"column":10},"end":{"line":133,"column":null}},{"start":{},"end":{}}],"line":133},"15":{"loc":{"start":{"line":152,"column":10},"end":{"line":154,"column":null}},"type":"if","locations":[{"start":{"line":152,"column":10},"end":{"line":154,"column":null}},{"start":{},"end":{}}],"line":152},"16":{"loc":{"start":{"line":157,"column":17},"end":{"line":157,"column":null}},"type":"binary-expr","locations":[{"start":{"line":157,"column":17},"end":{"line":157,"column":44}},{"start":{"line":157,"column":44},"end":{"line":157,"column":null}}],"line":157},"17":{"loc":{"start":{"line":158,"column":24},"end":{"line":158,"column":null}},"type":"binary-expr","locations":[{"start":{"line":158,"column":24},"end":{"line":158,"column":81}},{"start":{"line":158,"column":81},"end":{"line":158,"column":null}}],"line":158},"18":{"loc":{"start":{"line":166,"column":4},"end":{"line":169,"column":null}},"type":"if","locations":[{"start":{"line":166,"column":4},"end":{"line":169,"column":null}},{"start":{},"end":{}}],"line":166},"19":{"loc":{"start":{"line":175,"column":20},"end":{"line":175,"column":null}},"type":"binary-expr","locations":[{"start":{"line":175,"column":20},"end":{"line":175,"column":53}},{"start":{"line":175,"column":53},"end":{"line":175,"column":null}}],"line":175}},"s":{"0":1,"1":1,"2":1,"3":1,"4":0,"5":0,"6":0,"7":0,"8":0,"9":0,"10":0,"11":0,"12":0,"13":0,"14":0,"15":0,"16":0,"17":0,"18":0,"19":0,"20":0,"21":0,"22":0,"23":0,"24":0,"25":0,"26":0,"27":0,"28":0,"29":0,"30":0,"31":0,"32":0,"33":0,"34":0,"35":0,"36":0,"37":0,"38":0,"39":0,"40":0,"41":0,"42":0,"43":0,"44":0,"45":0,"46":0,"47":0,"48":0,"49":0,"50":0,"51":0,"52":0,"53":0,"54":0,"55":0,"56":0,"57":0,"58":0,"59":0,"60":0,"61":0,"62":0,"63":0,"64":0,"65":0,"66":0,"67":0,"68":0,"69":0,"70":0,"71":1},"f":{"0":1,"1":0,"2":0,"3":0},"b":{"0":[0,0],"1":[0],"2":[0],"3":[0,0],"4":[0,0],"5":[0,0],"6":[0,0],"7":[0,0],"8":[0,0],"9":[0,0],"10":[0,0],"11":[0,0],"12":[0,0],"13":[0,0],"14":[0,0],"15":[0,0],"16":[0,0],"17":[0,0],"18":[0,0],"19":[0,0]},"meta":{"lastBranch":20,"lastFunction":4,"lastStatement":72,"seen":{"f:13:0:13:6":0,"s:14:2:14:Infinity":0,"s:15:2:15:Infinity":1,"s:16:2:16:Infinity":2,"s:19:2:23:Infinity":3,"f:25:10:25:36":1,"s:26:16:26:Infinity":4,"s:28:4:30:Infinity":5,"f:29:6:29:12":2,"s:29:12:29:Infinity":6,"b:31:4:33:Infinity:undefined:undefined:undefined:undefined":0,"s:31:4:33:Infinity":7,"s:32:6:32:Infinity":8,"s:34:4:34:Infinity":9,"s:35:4:35:Infinity":10,"f:38:15:38:Infinity":3,"b:40:62:40:Infinity":1,"b:41:32:41:Infinity":2,"s:43:19:46:Infinity":11,"s:48:22:48:Infinity":12,"b:51:4:54:Infinity:undefined:undefined:undefined:undefined":3,"s:51:4:54:Infinity":13,"s:52:6:52:Infinity":14,"s:53:6:53:Infinity":15,"s:56:26:56:Infinity":16,"s:57:29:57:Infinity":17,"s:58:15:58:Infinity":18,"s:59:21:59:Infinity":19,"s:60:21:60:Infinity":20,"s:63:68:66:Infinity":21,"s:69:24:69:Infinity":22,"s:71:4:165:Infinity":23,"s:72:6:72:Infinity":24,"s:73:6:164:Infinity":25,"b:74:8:160:Infinity:99:8:160:Infinity":4,"s:74:8:160:Infinity":26,"s:75:25:75:Infinity":27,"b:76:10:76:Infinity:undefined:undefined:undefined:undefined":5,"s:76:10:76:Infinity":28,"s:76:23:76:Infinity":29,"s:78:21:85:Infinity":30,"s:87:27:94:Infinity":31,"s:96:10:96:Infinity":32,"b:96:17:96:34:96:34:96:Infinity":6,"s:97:10:97:Infinity":33,"b:97:24:97:68:97:68:97:Infinity":7,"s:98:10:98:Infinity":34,"b:99:8:160:Infinity:129:8:160:Infinity":8,"s:99:8:160:Infinity":35,"s:102:25:102:Infinity":36,"b:103:10:103:Infinity:undefined:undefined:undefined:undefined":9,"s:103:10:103:Infinity":37,"s:103:23:103:Infinity":38,"s:105:22:119:Infinity":39,"b:121:10:123:Infinity:undefined:undefined:undefined:undefined":10,"s:121:10:123:Infinity":40,"s:122:12:122:Infinity":41,"s:125:23:125:Infinity":42,"s:126:10:126:Infinity":43,"b:126:17:126:56:126:56:126:Infinity":11,"s:127:10:127:Infinity":44,"b:127:23:127:51:127:51:127:Infinity":12,"s:128:10:128:Infinity":45,"b:129:8:160:Infinity:undefined:undefined:undefined:undefined":13,"s:129:8:160:Infinity":46,"s:132:25:132:Infinity":47,"b:133:10:133:Infinity:undefined:undefined:undefined:undefined":14,"s:133:10:133:Infinity":48,"s:133:23:133:Infinity":49,"s:135:22:150:Infinity":50,"b:152:10:154:Infinity:undefined:undefined:undefined:undefined":15,"s:152:10:154:Infinity":51,"s:153:12:153:Infinity":52,"s:156:23:156:Infinity":53,"s:157:10:157:Infinity":54,"b:157:17:157:44:157:44:157:Infinity":16,"s:158:10:158:Infinity":55,"b:158:24:158:81:158:81:158:Infinity":17,"s:159:10:159:Infinity":56,"s:162:8:162:Infinity":57,"s:163:8:163:Infinity":58,"b:166:4:169:Infinity:undefined:undefined:undefined:undefined":18,"s:166:4:169:Infinity":59,"s:167:6:167:Infinity":60,"s:168:6:168:Infinity":61,"s:172:22:172:Infinity":62,"s:175:20:175:Infinity":63,"b:175:20:175:53:175:53:175:Infinity":19,"s:176:25:176:Infinity":64,"s:177:29:177:Infinity":65,"s:178:10:178:Infinity":66,"s:180:4:187:Infinity":67,"s:189:4:189:Infinity":68,"s:190:4:190:Infinity":69,"s:192:4:199:Infinity":70,"s:203:34:203:Infinity":71},"fnNames":{}}}
,"/app/src/controllers/agent.controller.ts": {"path":"/app/src/controllers/agent.controller.ts","statementMap":{"0":{"start":{"line":6,"column":17},"end":{"line":6,"column":null}},"1":{"start":{"line":7,"column":2},"end":{"line":7,"column":null}},"2":{"start":{"line":11,"column":17},"end":{"line":11,"column":null}},"3":{"start":{"line":12,"column":2},"end":{"line":12,"column":null}},"4":{"start":{"line":12,"column":23},"end":{"line":12,"column":null}},"5":{"start":{"line":14,"column":16},"end":{"line":14,"column":null}},"6":{"start":{"line":15,"column":2},"end":{"line":15,"column":null}},"7":{"start":{"line":19,"column":2},"end":{"line":19,"column":null}},"8":{"start":{"line":20,"column":2},"end":{"line":20,"column":null}}},"fnMap":{"0":{"name":"listAgentsHandler","decl":{"start":{"line":5,"column":22},"end":{"line":5,"column":40}},"loc":{"start":{"line":5,"column":69},"end":{"line":8,"column":null}},"line":5},"1":{"name":"createAgentHandler","decl":{"start":{"line":10,"column":22},"end":{"line":10,"column":41}},"loc":{"start":{"line":10,"column":70},"end":{"line":16,"column":null}},"line":10},"2":{"name":"deleteAgentHandler","decl":{"start":{"line":18,"column":22},"end":{"line":18,"column":41}},"loc":{"start":{"line":18,"column":70},"end":{"line":21,"column":null}},"line":18}},"branchMap":{"0":{"loc":{"start":{"line":12,"column":2},"end":{"line":12,"column":null}},"type":"if","locations":[{"start":{"line":12,"column":2},"end":{"line":12,"column":null}},{"start":{},"end":{}}],"line":12}},"s":{"0":0,"1":0,"2":0,"3":0,"4":0,"5":0,"6":0,"7":0,"8":0},"f":{"0":0,"1":0,"2":0},"b":{"0":[0,0]},"meta":{"lastBranch":1,"lastFunction":3,"lastStatement":9,"seen":{"f:5:22:5:40":0,"s:6:17:6:Infinity":0,"s:7:2:7:Infinity":1,"f:10:22:10:41":1,"s:11:17:11:Infinity":2,"b:12:2:12:Infinity:undefined:undefined:undefined:undefined":0,"s:12:2:12:Infinity":3,"s:12:23:12:Infinity":4,"s:14:16:14:Infinity":5,"s:15:2:15:Infinity":6,"f:18:22:18:41":2,"s:19:2:19:Infinity":7,"s:20:2:20:Infinity":8},"fnNames":{}}}
,"/app/src/controllers/ai.controller.ts": {"path":"/app/src/controllers/ai.controller.ts","statementMap":{"0":{"start":{"line":6,"column":17},"end":{"line":6,"column":null}},"1":{"start":{"line":7,"column":2},"end":{"line":7,"column":null}},"2":{"start":{"line":7,"column":15},"end":{"line":7,"column":null}},"3":{"start":{"line":8,"column":2},"end":{"line":8,"column":null}},"4":{"start":{"line":12,"column":2},"end":{"line":33,"column":null}},"5":{"start":{"line":13,"column":67},"end":{"line":13,"column":null}},"6":{"start":{"line":15,"column":4},"end":{"line":17,"column":null}},"7":{"start":{"line":16,"column":6},"end":{"line":16,"column":null}},"8":{"start":{"line":19,"column":28},"end":{"line":19,"column":null}},"9":{"start":{"line":20,"column":19},"end":{"line":20,"column":null}},"10":{"start":{"line":22,"column":4},"end":{"line":29,"column":null}},"11":{"start":{"line":31,"column":4},"end":{"line":31,"column":null}},"12":{"start":{"line":32,"column":4},"end":{"line":32,"column":null}},"13":{"start":{"line":37,"column":2},"end":{"line":55,"column":null}},"14":{"start":{"line":38,"column":21},"end":{"line":38,"column":null}},"15":{"start":{"line":39,"column":15},"end":{"line":39,"column":null}},"16":{"start":{"line":40,"column":4},"end":{"line":40,"column":null}},"17":{"start":{"line":40,"column":13},"end":{"line":40,"column":null}},"18":{"start":{"line":42,"column":21},"end":{"line":49,"column":null}},"19":{"start":{"line":50,"column":24},"end":{"line":50,"column":null}},"20":{"start":{"line":51,"column":4},"end":{"line":51,"column":null}},"21":{"start":{"line":53,"column":4},"end":{"line":53,"column":null}},"22":{"start":{"line":54,"column":4},"end":{"line":54,"column":null}},"23":{"start":{"line":59,"column":2},"end":{"line":86,"column":null}},"24":{"start":{"line":60,"column":23},"end":{"line":60,"column":null}},"25":{"start":{"line":61,"column":15},"end":{"line":61,"column":null}},"26":{"start":{"line":62,"column":4},"end":{"line":62,"column":null}},"27":{"start":{"line":62,"column":13},"end":{"line":62,"column":null}},"28":{"start":{"line":64,"column":21},"end":{"line":64,"column":null}},"29":{"start":{"line":66,"column":22},"end":{"line":66,"column":null}},"30":{"start":{"line":67,"column":19},"end":{"line":67,"column":null}},"31":{"start":{"line":69,"column":4},"end":{"line":80,"column":null}},"32":{"start":{"line":70,"column":20},"end":{"line":70,"column":null}},"33":{"start":{"line":71,"column":6},"end":{"line":71,"column":null}},"34":{"start":{"line":71,"column":18},"end":{"line":71,"column":null}},"35":{"start":{"line":72,"column":6},"end":{"line":79,"column":null}},"36":{"start":{"line":73,"column":8},"end":{"line":78,"column":null}},"37":{"start":{"line":74,"column":10},"end":{"line":76,"column":null}},"38":{"start":{"line":75,"column":12},"end":{"line":75,"column":null}},"39":{"start":{"line":77,"column":10},"end":{"line":77,"column":null}},"40":{"start":{"line":82,"column":4},"end":{"line":82,"column":null}},"41":{"start":{"line":84,"column":4},"end":{"line":84,"column":null}},"42":{"start":{"line":85,"column":4},"end":{"line":85,"column":null}},"43":{"start":{"line":90,"column":2},"end":{"line":106,"column":null}},"44":{"start":{"line":91,"column":45},"end":{"line":91,"column":null}},"45":{"start":{"line":92,"column":15},"end":{"line":92,"column":null}},"46":{"start":{"line":93,"column":4},"end":{"line":93,"column":null}},"47":{"start":{"line":93,"column":13},"end":{"line":93,"column":null}},"48":{"start":{"line":95,"column":22},"end":{"line":100,"column":null}},"49":{"start":{"line":102,"column":4},"end":{"line":102,"column":null}},"50":{"start":{"line":104,"column":4},"end":{"line":104,"column":null}},"51":{"start":{"line":105,"column":4},"end":{"line":105,"column":null}},"52":{"start":{"line":110,"column":2},"end":{"line":122,"column":null}},"53":{"start":{"line":111,"column":30},"end":{"line":111,"column":null}},"54":{"start":{"line":112,"column":15},"end":{"line":112,"column":null}},"55":{"start":{"line":113,"column":4},"end":{"line":113,"column":null}},"56":{"start":{"line":113,"column":13},"end":{"line":113,"column":null}},"57":{"start":{"line":115,"column":15},"end":{"line":115,"column":null}},"58":{"start":{"line":116,"column":4},"end":{"line":116,"column":null}},"59":{"start":{"line":117,"column":20},"end":{"line":117,"column":null}},"60":{"start":{"line":119,"column":4},"end":{"line":119,"column":null}},"61":{"start":{"line":121,"column":4},"end":{"line":121,"column":null}},"62":{"start":{"line":126,"column":2},"end":{"line":156,"column":null}},"63":{"start":{"line":127,"column":30},"end":{"line":127,"column":null}},"64":{"start":{"line":128,"column":4},"end":{"line":128,"column":null}},"65":{"start":{"line":128,"column":24},"end":{"line":128,"column":null}},"66":{"start":{"line":129,"column":19},"end":{"line":129,"column":null}},"67":{"start":{"line":130,"column":15},"end":{"line":130,"column":null}},"68":{"start":{"line":131,"column":4},"end":{"line":131,"column":null}},"69":{"start":{"line":131,"column":24},"end":{"line":131,"column":null}},"70":{"start":{"line":133,"column":15},"end":{"line":133,"column":null}},"71":{"start":{"line":134,"column":4},"end":{"line":134,"column":null}},"72":{"start":{"line":135,"column":20},"end":{"line":135,"column":null}},"73":{"start":{"line":137,"column":16},"end":{"line":137,"column":null}},"74":{"start":{"line":138,"column":4},"end":{"line":138,"column":null}},"75":{"start":{"line":138,"column":14},"end":{"line":138,"column":null}},"76":{"start":{"line":140,"column":21},"end":{"line":140,"column":null}},"77":{"start":{"line":142,"column":4},"end":{"line":142,"column":null}},"78":{"start":{"line":143,"column":4},"end":{"line":152,"column":null}},"79":{"start":{"line":146,"column":10},"end":{"line":146,"column":null}},"80":{"start":{"line":149,"column":10},"end":{"line":149,"column":null}},"81":{"start":{"line":154,"column":4},"end":{"line":154,"column":null}},"82":{"start":{"line":155,"column":4},"end":{"line":155,"column":null}},"83":{"start":{"line":160,"column":2},"end":{"line":221,"column":null}},"84":{"start":{"line":161,"column":28},"end":{"line":161,"column":null}},"85":{"start":{"line":162,"column":15},"end":{"line":162,"column":null}},"86":{"start":{"line":163,"column":4},"end":{"line":163,"column":null}},"87":{"start":{"line":163,"column":13},"end":{"line":163,"column":null}},"88":{"start":{"line":165,"column":19},"end":{"line":175,"column":null}},"89":{"start":{"line":181,"column":21},"end":{"line":214,"column":null}},"90":{"start":{"line":216,"column":19},"end":{"line":216,"column":null}},"91":{"start":{"line":217,"column":4},"end":{"line":217,"column":null}},"92":{"start":{"line":219,"column":4},"end":{"line":219,"column":null}},"93":{"start":{"line":220,"column":4},"end":{"line":220,"column":null}},"94":{"start":{"line":225,"column":2},"end":{"line":311,"column":null}},"95":{"start":{"line":226,"column":23},"end":{"line":226,"column":null}},"96":{"start":{"line":227,"column":15},"end":{"line":227,"column":null}},"97":{"start":{"line":228,"column":4},"end":{"line":228,"column":null}},"98":{"start":{"line":228,"column":13},"end":{"line":228,"column":null}},"99":{"start":{"line":230,"column":25},"end":{"line":231,"column":null}},"100":{"start":{"line":253,"column":21},"end":{"line":304,"column":null}},"101":{"start":{"line":306,"column":19},"end":{"line":306,"column":null}},"102":{"start":{"line":307,"column":4},"end":{"line":307,"column":null}},"103":{"start":{"line":309,"column":4},"end":{"line":309,"column":null}},"104":{"start":{"line":310,"column":4},"end":{"line":310,"column":null}}},"fnMap":{"0":{"name":"getGeminiClient","decl":{"start":{"line":5,"column":9},"end":{"line":5,"column":47}},"loc":{"start":{"line":5,"column":47},"end":{"line":9,"column":null}},"line":5},"1":{"name":"chatHandler","decl":{"start":{"line":11,"column":22},"end":{"line":11,"column":34}},"loc":{"start":{"line":11,"column":63},"end":{"line":34,"column":null}},"line":11},"2":{"name":"ttsHandler","decl":{"start":{"line":36,"column":22},"end":{"line":36,"column":33}},"loc":{"start":{"line":36,"column":62},"end":{"line":56,"column":null}},"line":36},"3":{"name":"generateMusicHandler","decl":{"start":{"line":58,"column":22},"end":{"line":58,"column":43}},"loc":{"start":{"line":58,"column":72},"end":{"line":87,"column":null}},"line":58},"4":{"name":"generateVideoHandler","decl":{"start":{"line":89,"column":22},"end":{"line":89,"column":43}},"loc":{"start":{"line":89,"column":72},"end":{"line":107,"column":null}},"line":89},"5":{"name":"videoStatusHandler","decl":{"start":{"line":109,"column":22},"end":{"line":109,"column":41}},"loc":{"start":{"line":109,"column":70},"end":{"line":123,"column":null}},"line":109},"6":{"name":"videoDownloadHandler","decl":{"start":{"line":125,"column":22},"end":{"line":125,"column":43}},"loc":{"start":{"line":125,"column":72},"end":{"line":157,"column":null}},"line":125},"7":{"name":"write","decl":{"start":{"line":145,"column":8},"end":{"line":145,"column":14}},"loc":{"start":{"line":145,"column":21},"end":{"line":147,"column":null}},"line":145},"8":{"name":"close","decl":{"start":{"line":148,"column":8},"end":{"line":148,"column":16}},"loc":{"start":{"line":148,"column":16},"end":{"line":150,"column":null}},"line":148},"9":{"name":"refactorWorkflowHandler","decl":{"start":{"line":159,"column":22},"end":{"line":159,"column":46}},"loc":{"start":{"line":159,"column":75},"end":{"line":222,"column":null}},"line":159},"10":{"name":"generateWorkflowHandler","decl":{"start":{"line":224,"column":22},"end":{"line":224,"column":46}},"loc":{"start":{"line":224,"column":75},"end":{"line":312,"column":null}},"line":224}},"branchMap":{"0":{"loc":{"start":{"line":7,"column":2},"end":{"line":7,"column":null}},"type":"if","locations":[{"start":{"line":7,"column":2},"end":{"line":7,"column":null}},{"start":{},"end":{}}],"line":7},"1":{"loc":{"start":{"line":13,"column":37},"end":{"line":13,"column":63}},"type":"default-arg","locations":[{"start":{"line":13,"column":48},"end":{"line":13,"column":63}}],"line":13},"2":{"loc":{"start":{"line":15,"column":4},"end":{"line":17,"column":null}},"type":"if","locations":[{"start":{"line":15,"column":4},"end":{"line":17,"column":null}},{"start":{},"end":{}}],"line":15},"3":{"loc":{"start":{"line":15,"column":8},"end":{"line":15,"column":58}},"type":"binary-expr","locations":[{"start":{"line":15,"column":8},"end":{"line":15,"column":28}},{"start":{"line":15,"column":28},"end":{"line":15,"column":58}}],"line":15},"4":{"loc":{"start":{"line":32,"column":34},"end":{"line":32,"column":75}},"type":"binary-expr","locations":[{"start":{"line":32,"column":34},"end":{"line":32,"column":51}},{"start":{"line":32,"column":51},"end":{"line":32,"column":75}}],"line":32},"5":{"loc":{"start":{"line":40,"column":4},"end":{"line":40,"column":null}},"type":"if","locations":[{"start":{"line":40,"column":4},"end":{"line":40,"column":null}},{"start":{},"end":{}}],"line":40},"6":{"loc":{"start":{"line":54,"column":34},"end":{"line":54,"column":75}},"type":"binary-expr","locations":[{"start":{"line":54,"column":34},"end":{"line":54,"column":51}},{"start":{"line":54,"column":51},"end":{"line":54,"column":75}}],"line":54},"7":{"loc":{"start":{"line":62,"column":4},"end":{"line":62,"column":null}},"type":"if","locations":[{"start":{"line":62,"column":4},"end":{"line":62,"column":null}},{"start":{},"end":{}}],"line":62},"8":{"loc":{"start":{"line":71,"column":6},"end":{"line":71,"column":null}},"type":"if","locations":[{"start":{"line":71,"column":6},"end":{"line":71,"column":null}},{"start":{},"end":{}}],"line":71},"9":{"loc":{"start":{"line":73,"column":8},"end":{"line":78,"column":null}},"type":"if","locations":[{"start":{"line":73,"column":8},"end":{"line":78,"column":null}},{"start":{},"end":{}}],"line":73},"10":{"loc":{"start":{"line":74,"column":10},"end":{"line":76,"column":null}},"type":"if","locations":[{"start":{"line":74,"column":10},"end":{"line":76,"column":null}},{"start":{},"end":{}}],"line":74},"11":{"loc":{"start":{"line":74,"column":14},"end":{"line":74,"column":56}},"type":"binary-expr","locations":[{"start":{"line":74,"column":14},"end":{"line":74,"column":30}},{"start":{"line":74,"column":30},"end":{"line":74,"column":56}}],"line":74},"12":{"loc":{"start":{"line":85,"column":34},"end":{"line":85,"column":75}},"type":"binary-expr","locations":[{"start":{"line":85,"column":34},"end":{"line":85,"column":51}},{"start":{"line":85,"column":51},"end":{"line":85,"column":75}}],"line":85},"13":{"loc":{"start":{"line":93,"column":4},"end":{"line":93,"column":null}},"type":"if","locations":[{"start":{"line":93,"column":4},"end":{"line":93,"column":null}},{"start":{},"end":{}}],"line":93},"14":{"loc":{"start":{"line":113,"column":4},"end":{"line":113,"column":null}},"type":"if","locations":[{"start":{"line":113,"column":4},"end":{"line":113,"column":null}},{"start":{},"end":{}}],"line":113},"15":{"loc":{"start":{"line":128,"column":4},"end":{"line":128,"column":null}},"type":"if","locations":[{"start":{"line":128,"column":4},"end":{"line":128,"column":null}},{"start":{},"end":{}}],"line":128},"16":{"loc":{"start":{"line":131,"column":4},"end":{"line":131,"column":null}},"type":"if","locations":[{"start":{"line":131,"column":4},"end":{"line":131,"column":null}},{"start":{},"end":{}}],"line":131},"17":{"loc":{"start":{"line":131,"column":8},"end":{"line":131,"column":24}},"type":"binary-expr","locations":[{"start":{"line":131,"column":8},"end":{"line":131,"column":15}},{"start":{"line":131,"column":15},"end":{"line":131,"column":24}}],"line":131},"18":{"loc":{"start":{"line":138,"column":4},"end":{"line":138,"column":null}},"type":"if","locations":[{"start":{"line":138,"column":4},"end":{"line":138,"column":null}},{"start":{},"end":{}}],"line":138},"19":{"loc":{"start":{"line":163,"column":4},"end":{"line":163,"column":null}},"type":"if","locations":[{"start":{"line":163,"column":4},"end":{"line":163,"column":null}},{"start":{},"end":{}}],"line":163},"20":{"loc":{"start":{"line":216,"column":30},"end":{"line":216,"column":51}},"type":"binary-expr","locations":[{"start":{"line":216,"column":30},"end":{"line":216,"column":47}},{"start":{"line":216,"column":47},"end":{"line":216,"column":51}}],"line":216},"21":{"loc":{"start":{"line":220,"column":34},"end":{"line":220,"column":75}},"type":"binary-expr","locations":[{"start":{"line":220,"column":34},"end":{"line":220,"column":51}},{"start":{"line":220,"column":51},"end":{"line":220,"column":75}}],"line":220},"22":{"loc":{"start":{"line":228,"column":4},"end":{"line":228,"column":null}},"type":"if","locations":[{"start":{"line":228,"column":4},"end":{"line":228,"column":null}},{"start":{},"end":{}}],"line":228},"23":{"loc":{"start":{"line":306,"column":30},"end":{"line":306,"column":51}},"type":"binary-expr","locations":[{"start":{"line":306,"column":30},"end":{"line":306,"column":47}},{"start":{"line":306,"column":47},"end":{"line":306,"column":51}}],"line":306},"24":{"loc":{"start":{"line":310,"column":34},"end":{"line":310,"column":75}},"type":"binary-expr","locations":[{"start":{"line":310,"column":34},"end":{"line":310,"column":51}},{"start":{"line":310,"column":51},"end":{"line":310,"column":75}}],"line":310}},"s":{"0":0,"1":0,"2":0,"3":0,"4":0,"5":0,"6":0,"7":0,"8":0,"9":0,"10":0,"11":0,"12":0,"13":0,"14":0,"15":0,"16":0,"17":0,"18":0,"19":0,"20":0,"21":0,"22":0,"23":0,"24":0,"25":0,"26":0,"27":0,"28":0,"29":0,"30":0,"31":0,"32":0,"33":0,"34":0,"35":0,"36":0,"37":0,"38":0,"39":0,"40":0,"41":0,"42":0,"43":0,"44":0,"45":0,"46":0,"47":0,"48":0,"49":0,"50":0,"51":0,"52":0,"53":0,"54":0,"55":0,"56":0,"57":0,"58":0,"59":0,"60":0,"61":0,"62":0,"63":0,"64":0,"65":0,"66":0,"67":0,"68":0,"69":0,"70":0,"71":0,"72":0,"73":0,"74":0,"75":0,"76":0,"77":0,"78":0,"79":0,"80":0,"81":0,"82":0,"83":0,"84":0,"85":0,"86":0,"87":0,"88":0,"89":0,"90":0,"91":0,"92":0,"93":0,"94":0,"95":0,"96":0,"97":0,"98":0,"99":0,"100":0,"101":0,"102":0,"103":0,"104":0},"f":{"0":0,"1":0,"2":0,"3":0,"4":0,"5":0,"6":0,"7":0,"8":0,"9":0,"10":0},"b":{"0":[0,0],"1":[0],"2":[0,0],"3":[0,0],"4":[0,0],"5":[0,0],"6":[0,0],"7":[0,0],"8":[0,0],"9":[0,0],"10":[0,0],"11":[0,0],"12":[0,0],"13":[0,0],"14":[0,0],"15":[0,0],"16":[0,0],"17":[0,0],"18":[0,0],"19":[0,0],"20":[0,0],"21":[0,0],"22":[0,0],"23":[0,0],"24":[0,0]},"meta":{"lastBranch":25,"lastFunction":11,"lastStatement":105,"seen":{"f:5:9:5:47":0,"s:6:17:6:Infinity":0,"b:7:2:7:Infinity:undefined:undefined:undefined:undefined":0,"s:7:2:7:Infinity":1,"s:7:15:7:Infinity":2,"s:8:2:8:Infinity":3,"f:11:22:11:34":1,"s:12:2:33:Infinity":4,"s:13:67:13:Infinity":5,"b:13:48:13:63":1,"b:15:4:17:Infinity:undefined:undefined:undefined:undefined":2,"s:15:4:17:Infinity":6,"b:15:8:15:28:15:28:15:58":3,"s:16:6:16:Infinity":7,"s:19:28:19:Infinity":8,"s:20:19:20:Infinity":9,"s:22:4:29:Infinity":10,"s:31:4:31:Infinity":11,"s:32:4:32:Infinity":12,"b:32:34:32:51:32:51:32:75":4,"f:36:22:36:33":2,"s:37:2:55:Infinity":13,"s:38:21:38:Infinity":14,"s:39:15:39:Infinity":15,"b:40:4:40:Infinity:undefined:undefined:undefined:undefined":5,"s:40:4:40:Infinity":16,"s:40:13:40:Infinity":17,"s:42:21:49:Infinity":18,"s:50:24:50:Infinity":19,"s:51:4:51:Infinity":20,"s:53:4:53:Infinity":21,"s:54:4:54:Infinity":22,"b:54:34:54:51:54:51:54:75":6,"f:58:22:58:43":3,"s:59:2:86:Infinity":23,"s:60:23:60:Infinity":24,"s:61:15:61:Infinity":25,"b:62:4:62:Infinity:undefined:undefined:undefined:undefined":7,"s:62:4:62:Infinity":26,"s:62:13:62:Infinity":27,"s:64:21:64:Infinity":28,"s:66:22:66:Infinity":29,"s:67:19:67:Infinity":30,"s:69:4:80:Infinity":31,"s:70:20:70:Infinity":32,"b:71:6:71:Infinity:undefined:undefined:undefined:undefined":8,"s:71:6:71:Infinity":33,"s:71:18:71:Infinity":34,"s:72:6:79:Infinity":35,"b:73:8:78:Infinity:undefined:undefined:undefined:undefined":9,"s:73:8:78:Infinity":36,"b:74:10:76:Infinity:undefined:undefined:undefined:undefined":10,"s:74:10:76:Infinity":37,"b:74:14:74:30:74:30:74:56":11,"s:75:12:75:Infinity":38,"s:77:10:77:Infinity":39,"s:82:4:82:Infinity":40,"s:84:4:84:Infinity":41,"s:85:4:85:Infinity":42,"b:85:34:85:51:85:51:85:75":12,"f:89:22:89:43":4,"s:90:2:106:Infinity":43,"s:91:45:91:Infinity":44,"s:92:15:92:Infinity":45,"b:93:4:93:Infinity:undefined:undefined:undefined:undefined":13,"s:93:4:93:Infinity":46,"s:93:13:93:Infinity":47,"s:95:22:100:Infinity":48,"s:102:4:102:Infinity":49,"s:104:4:104:Infinity":50,"s:105:4:105:Infinity":51,"f:109:22:109:41":5,"s:110:2:122:Infinity":52,"s:111:30:111:Infinity":53,"s:112:15:112:Infinity":54,"b:113:4:113:Infinity:undefined:undefined:undefined:undefined":14,"s:113:4:113:Infinity":55,"s:113:13:113:Infinity":56,"s:115:15:115:Infinity":57,"s:116:4:116:Infinity":58,"s:117:20:117:Infinity":59,"s:119:4:119:Infinity":60,"s:121:4:121:Infinity":61,"f:125:22:125:43":6,"s:126:2:156:Infinity":62,"s:127:30:127:Infinity":63,"b:128:4:128:Infinity:undefined:undefined:undefined:undefined":15,"s:128:4:128:Infinity":64,"s:128:24:128:Infinity":65,"s:129:19:129:Infinity":66,"s:130:15:130:Infinity":67,"b:131:4:131:Infinity:undefined:undefined:undefined:undefined":16,"s:131:4:131:Infinity":68,"b:131:8:131:15:131:15:131:24":17,"s:131:24:131:Infinity":69,"s:133:15:133:Infinity":70,"s:134:4:134:Infinity":71,"s:135:20:135:Infinity":72,"s:137:16:137:Infinity":73,"b:138:4:138:Infinity:undefined:undefined:undefined:undefined":18,"s:138:4:138:Infinity":74,"s:138:14:138:Infinity":75,"s:140:21:140:Infinity":76,"s:142:4:142:Infinity":77,"s:143:4:152:Infinity":78,"f:145:8:145:14":7,"s:146:10:146:Infinity":79,"f:148:8:148:16":8,"s:149:10:149:Infinity":80,"s:154:4:154:Infinity":81,"s:155:4:155:Infinity":82,"f:159:22:159:46":9,"s:160:2:221:Infinity":83,"s:161:28:161:Infinity":84,"s:162:15:162:Infinity":85,"b:163:4:163:Infinity:undefined:undefined:undefined:undefined":19,"s:163:4:163:Infinity":86,"s:163:13:163:Infinity":87,"s:165:19:175:Infinity":88,"s:181:21:214:Infinity":89,"s:216:19:216:Infinity":90,"b:216:30:216:47:216:47:216:51":20,"s:217:4:217:Infinity":91,"s:219:4:219:Infinity":92,"s:220:4:220:Infinity":93,"b:220:34:220:51:220:51:220:75":21,"f:224:22:224:46":10,"s:225:2:311:Infinity":94,"s:226:23:226:Infinity":95,"s:227:15:227:Infinity":96,"b:228:4:228:Infinity:undefined:undefined:undefined:undefined":22,"s:228:4:228:Infinity":97,"s:228:13:228:Infinity":98,"s:230:25:231:Infinity":99,"s:253:21:304:Infinity":100,"s:306:19:306:Infinity":101,"b:306:30:306:47:306:47:306:51":23,"s:307:4:307:Infinity":102,"s:309:4:309:Infinity":103,"s:310:4:310:Infinity":104,"b:310:34:310:51:310:51:310:75":24},"fnNames":{}}}
,"/app/src/controllers/auth.controller.ts": {"path":"/app/src/controllers/auth.controller.ts","statementMap":{"0":{"start":{"line":5,"column":20},"end":{"line":7,"column":null}},"1":{"start":{"line":14,"column":17},"end":{"line":14,"column":null}},"2":{"start":{"line":15,"column":2},"end":{"line":17,"column":null}},"3":{"start":{"line":16,"column":4},"end":{"line":16,"column":null}},"4":{"start":{"line":19,"column":43},"end":{"line":19,"column":null}},"5":{"start":{"line":21,"column":2},"end":{"line":36,"column":null}},"6":{"start":{"line":22,"column":19},"end":{"line":22,"column":null}},"7":{"start":{"line":23,"column":4},"end":{"line":23,"column":null}},"8":{"start":{"line":24,"column":4},"end":{"line":24,"column":null}},"9":{"start":{"line":25,"column":4},"end":{"line":25,"column":null}},"10":{"start":{"line":26,"column":4},"end":{"line":26,"column":null}},"11":{"start":{"line":28,"column":4},"end":{"line":28,"column":null}},"12":{"start":{"line":29,"column":4},"end":{"line":31,"column":null}},"13":{"start":{"line":30,"column":6},"end":{"line":30,"column":null}},"14":{"start":{"line":32,"column":4},"end":{"line":34,"column":null}},"15":{"start":{"line":33,"column":6},"end":{"line":33,"column":null}},"16":{"start":{"line":35,"column":4},"end":{"line":35,"column":null}},"17":{"start":{"line":40,"column":17},"end":{"line":40,"column":null}},"18":{"start":{"line":41,"column":2},"end":{"line":43,"column":null}},"19":{"start":{"line":42,"column":4},"end":{"line":42,"column":null}},"20":{"start":{"line":45,"column":30},"end":{"line":45,"column":null}},"21":{"start":{"line":47,"column":2},"end":{"line":63,"column":null}},"22":{"start":{"line":48,"column":19},"end":{"line":48,"column":null}},"23":{"start":{"line":49,"column":4},"end":{"line":49,"column":null}},"24":{"start":{"line":50,"column":4},"end":{"line":50,"column":null}},"25":{"start":{"line":51,"column":4},"end":{"line":51,"column":null}},"26":{"start":{"line":52,"column":4},"end":{"line":52,"column":null}},"27":{"start":{"line":53,"column":4},"end":{"line":53,"column":null}},"28":{"start":{"line":55,"column":4},"end":{"line":55,"column":null}},"29":{"start":{"line":56,"column":4},"end":{"line":58,"column":null}},"30":{"start":{"line":57,"column":6},"end":{"line":57,"column":null}},"31":{"start":{"line":59,"column":4},"end":{"line":61,"column":null}},"32":{"start":{"line":60,"column":6},"end":{"line":60,"column":null}},"33":{"start":{"line":62,"column":4},"end":{"line":62,"column":null}},"34":{"start":{"line":67,"column":17},"end":{"line":67,"column":null}},"35":{"start":{"line":68,"column":23},"end":{"line":68,"column":null}},"36":{"start":{"line":70,"column":2},"end":{"line":72,"column":null}},"37":{"start":{"line":71,"column":4},"end":{"line":71,"column":null}},"38":{"start":{"line":74,"column":2},"end":{"line":86,"column":null}},"39":{"start":{"line":75,"column":19},"end":{"line":75,"column":null}},"40":{"start":{"line":76,"column":4},"end":{"line":80,"column":null}},"41":{"start":{"line":77,"column":6},"end":{"line":77,"column":null}},"42":{"start":{"line":78,"column":6},"end":{"line":78,"column":null}},"43":{"start":{"line":79,"column":6},"end":{"line":79,"column":null}},"44":{"start":{"line":81,"column":4},"end":{"line":81,"column":null}},"45":{"start":{"line":82,"column":4},"end":{"line":82,"column":null}},"46":{"start":{"line":84,"column":4},"end":{"line":84,"column":null}},"47":{"start":{"line":85,"column":4},"end":{"line":85,"column":null}},"48":{"start":{"line":90,"column":2},"end":{"line":90,"column":null}},"49":{"start":{"line":91,"column":2},"end":{"line":91,"column":null}},"50":{"start":{"line":92,"column":2},"end":{"line":92,"column":null}},"51":{"start":{"line":96,"column":2},"end":{"line":96,"column":null}}},"fnMap":{"0":{"name":"registerHandler","decl":{"start":{"line":13,"column":22},"end":{"line":13,"column":38}},"loc":{"start":{"line":13,"column":67},"end":{"line":37,"column":null}},"line":13},"1":{"name":"loginHandler","decl":{"start":{"line":39,"column":22},"end":{"line":39,"column":35}},"loc":{"start":{"line":39,"column":64},"end":{"line":64,"column":null}},"line":39},"2":{"name":"refreshHandler","decl":{"start":{"line":66,"column":22},"end":{"line":66,"column":37}},"loc":{"start":{"line":66,"column":66},"end":{"line":87,"column":null}},"line":66},"3":{"name":"logoutHandler","decl":{"start":{"line":89,"column":22},"end":{"line":89,"column":36}},"loc":{"start":{"line":89,"column":65},"end":{"line":93,"column":null}},"line":89},"4":{"name":"meHandler","decl":{"start":{"line":95,"column":22},"end":{"line":95,"column":32}},"loc":{"start":{"line":95,"column":61},"end":{"line":97,"column":null}},"line":95}},"branchMap":{"0":{"loc":{"start":{"line":15,"column":2},"end":{"line":17,"column":null}},"type":"if","locations":[{"start":{"line":15,"column":2},"end":{"line":17,"column":null}},{"start":{},"end":{}}],"line":15},"1":{"loc":{"start":{"line":29,"column":4},"end":{"line":31,"column":null}},"type":"if","locations":[{"start":{"line":29,"column":4},"end":{"line":31,"column":null}},{"start":{},"end":{}}],"line":29},"2":{"loc":{"start":{"line":32,"column":4},"end":{"line":34,"column":null}},"type":"if","locations":[{"start":{"line":32,"column":4},"end":{"line":34,"column":null}},{"start":{},"end":{}}],"line":32},"3":{"loc":{"start":{"line":41,"column":2},"end":{"line":43,"column":null}},"type":"if","locations":[{"start":{"line":41,"column":2},"end":{"line":43,"column":null}},{"start":{},"end":{}}],"line":41},"4":{"loc":{"start":{"line":56,"column":4},"end":{"line":58,"column":null}},"type":"if","locations":[{"start":{"line":56,"column":4},"end":{"line":58,"column":null}},{"start":{},"end":{}}],"line":56},"5":{"loc":{"start":{"line":59,"column":4},"end":{"line":61,"column":null}},"type":"if","locations":[{"start":{"line":59,"column":4},"end":{"line":61,"column":null}},{"start":{},"end":{}}],"line":59},"6":{"loc":{"start":{"line":68,"column":23},"end":{"line":68,"column":null}},"type":"cond-expr","locations":[{"start":{"line":68,"column":40},"end":{"line":68,"column":60}},{"start":{"line":68,"column":60},"end":{"line":68,"column":null}}],"line":68},"7":{"loc":{"start":{"line":70,"column":2},"end":{"line":72,"column":null}},"type":"if","locations":[{"start":{"line":70,"column":2},"end":{"line":72,"column":null}},{"start":{},"end":{}}],"line":70},"8":{"loc":{"start":{"line":76,"column":4},"end":{"line":80,"column":null}},"type":"if","locations":[{"start":{"line":76,"column":4},"end":{"line":80,"column":null}},{"start":{},"end":{}}],"line":76}},"s":{"0":1,"1":1,"2":1,"3":0,"4":1,"5":1,"6":1,"7":1,"8":1,"9":1,"10":1,"11":0,"12":0,"13":0,"14":0,"15":0,"16":0,"17":2,"18":2,"19":0,"20":2,"21":2,"22":2,"23":1,"24":1,"25":1,"26":1,"27":1,"28":1,"29":1,"30":1,"31":0,"32":0,"33":0,"34":0,"35":0,"36":0,"37":0,"38":0,"39":0,"40":0,"41":0,"42":0,"43":0,"44":0,"45":0,"46":0,"47":0,"48":0,"49":0,"50":0,"51":0},"f":{"0":1,"1":2,"2":0,"3":0,"4":0},"b":{"0":[0,1],"1":[0,0],"2":[0,0],"3":[0,2],"4":[1,0],"5":[0,0],"6":[0,0],"7":[0,0],"8":[0,0]},"meta":{"lastBranch":9,"lastFunction":5,"lastStatement":52,"seen":{"s:5:20:7:Infinity":0,"f:13:22:13:38":0,"s:14:17:14:Infinity":1,"b:15:2:17:Infinity:undefined:undefined:undefined:undefined":0,"s:15:2:17:Infinity":2,"s:16:4:16:Infinity":3,"s:19:43:19:Infinity":4,"s:21:2:36:Infinity":5,"s:22:19:22:Infinity":6,"s:23:4:23:Infinity":7,"s:24:4:24:Infinity":8,"s:25:4:25:Infinity":9,"s:26:4:26:Infinity":10,"s:28:4:28:Infinity":11,"b:29:4:31:Infinity:undefined:undefined:undefined:undefined":1,"s:29:4:31:Infinity":12,"s:30:6:30:Infinity":13,"b:32:4:34:Infinity:undefined:undefined:undefined:undefined":2,"s:32:4:34:Infinity":14,"s:33:6:33:Infinity":15,"s:35:4:35:Infinity":16,"f:39:22:39:35":1,"s:40:17:40:Infinity":17,"b:41:2:43:Infinity:undefined:undefined:undefined:undefined":3,"s:41:2:43:Infinity":18,"s:42:4:42:Infinity":19,"s:45:30:45:Infinity":20,"s:47:2:63:Infinity":21,"s:48:19:48:Infinity":22,"s:49:4:49:Infinity":23,"s:50:4:50:Infinity":24,"s:51:4:51:Infinity":25,"s:52:4:52:Infinity":26,"s:53:4:53:Infinity":27,"s:55:4:55:Infinity":28,"b:56:4:58:Infinity:undefined:undefined:undefined:undefined":4,"s:56:4:58:Infinity":29,"s:57:6:57:Infinity":30,"b:59:4:61:Infinity:undefined:undefined:undefined:undefined":5,"s:59:4:61:Infinity":31,"s:60:6:60:Infinity":32,"s:62:4:62:Infinity":33,"f:66:22:66:37":2,"s:67:17:67:Infinity":34,"s:68:23:68:Infinity":35,"b:68:40:68:60:68:60:68:Infinity":6,"b:70:2:72:Infinity:undefined:undefined:undefined:undefined":7,"s:70:2:72:Infinity":36,"s:71:4:71:Infinity":37,"s:74:2:86:Infinity":38,"s:75:19:75:Infinity":39,"b:76:4:80:Infinity:undefined:undefined:undefined:undefined":8,"s:76:4:80:Infinity":40,"s:77:6:77:Infinity":41,"s:78:6:78:Infinity":42,"s:79:6:79:Infinity":43,"s:81:4:81:Infinity":44,"s:82:4:82:Infinity":45,"s:84:4:84:Infinity":46,"s:85:4:85:Infinity":47,"f:89:22:89:36":3,"s:90:2:90:Infinity":48,"s:91:2:91:Infinity":49,"s:92:2:92:Infinity":50,"f:95:22:95:32":4,"s:96:2:96:Infinity":51},"fnNames":{}}}
,"/app/src/controllers/brandColor.controller.ts": {"path":"/app/src/controllers/brandColor.controller.ts","statementMap":{"0":{"start":{"line":6,"column":21},"end":{"line":6,"column":null}},"1":{"start":{"line":7,"column":2},"end":{"line":7,"column":null}},"2":{"start":{"line":11,"column":17},"end":{"line":11,"column":null}},"3":{"start":{"line":12,"column":2},"end":{"line":12,"column":null}},"4":{"start":{"line":12,"column":23},"end":{"line":12,"column":null}},"5":{"start":{"line":14,"column":2},"end":{"line":14,"column":null}},"6":{"start":{"line":15,"column":2},"end":{"line":15,"column":null}},"7":{"start":{"line":19,"column":2},"end":{"line":19,"column":null}},"8":{"start":{"line":20,"column":2},"end":{"line":20,"column":null}}},"fnMap":{"0":{"name":"getBrandColorHandler","decl":{"start":{"line":5,"column":22},"end":{"line":5,"column":43}},"loc":{"start":{"line":5,"column":72},"end":{"line":8,"column":null}},"line":5},"1":{"name":"saveBrandColorHandler","decl":{"start":{"line":10,"column":22},"end":{"line":10,"column":44}},"loc":{"start":{"line":10,"column":73},"end":{"line":16,"column":null}},"line":10},"2":{"name":"resetBrandColorHandler","decl":{"start":{"line":18,"column":22},"end":{"line":18,"column":45}},"loc":{"start":{"line":18,"column":74},"end":{"line":21,"column":null}},"line":18}},"branchMap":{"0":{"loc":{"start":{"line":6,"column":41},"end":{"line":6,"column":61}},"type":"binary-expr","locations":[{"start":{"line":6,"column":41},"end":{"line":6,"column":57}},{"start":{"line":6,"column":57},"end":{"line":6,"column":61}}],"line":6},"1":{"loc":{"start":{"line":12,"column":2},"end":{"line":12,"column":null}},"type":"if","locations":[{"start":{"line":12,"column":2},"end":{"line":12,"column":null}},{"start":{},"end":{}}],"line":12}},"s":{"0":0,"1":0,"2":0,"3":0,"4":0,"5":0,"6":0,"7":0,"8":0},"f":{"0":0,"1":0,"2":0},"b":{"0":[0,0],"1":[0,0]},"meta":{"lastBranch":2,"lastFunction":3,"lastStatement":9,"seen":{"f:5:22:5:43":0,"s:6:21:6:Infinity":0,"b:6:41:6:57:6:57:6:61":0,"s:7:2:7:Infinity":1,"f:10:22:10:44":1,"s:11:17:11:Infinity":2,"b:12:2:12:Infinity:undefined:undefined:undefined:undefined":1,"s:12:2:12:Infinity":3,"s:12:23:12:Infinity":4,"s:14:2:14:Infinity":5,"s:15:2:15:Infinity":6,"f:18:22:18:45":2,"s:19:2:19:Infinity":7,"s:20:2:20:Infinity":8},"fnNames":{}}}
[...]
:{"0":{"name":"getUserSettings","decl":{"start":{"line":29,"column":22},"end":{"line":29,"column":38}},"loc":{"start":{"line":29,"column":72},"end":{"line":32,"column":null}},"line":29},"1":{"name":"saveUserSettings","decl":{"start":{"line":34,"column":22},"end":{"line":34,"column":39}},"loc":{"start":{"line":34,"column":124},"end":{"line":42,"column":null}},"line":34},"2":{"name":"resetUserSettings","decl":{"start":{"line":44,"column":16},"end":{"line":44,"column":34}},"loc":{"start":{"line":44,"column":68},"end":{"line":46,"column":null}},"line":44},"3":{"name":"getVoiceRuntimeConfig","decl":{"start":{"line":48,"column":22},"end":{"line":48,"column":44}},"loc":{"start":{"line":48,"column":78},"end":{"line":51,"column":null}},"line":48},"4":{"name":"saveVoiceRuntimeConfig","decl":{"start":{"line":53,"column":22},"end":{"line":53,"column":45}},"loc":{"start":{"line":53,"column":128},"end":{"line":61,"column":null}},"line":53},"5":{"name":"resetVoiceRuntimeConfig","decl":{"start":{"line":63,"column":16},"end":{"line":63,"column":40}},"loc":{"start":{"line":63,"column":74},"end":{"line":65,"column":null}},"line":63},"6":{"name":"getChecklist","decl":{"start":{"line":67,"column":22},"end":{"line":67,"column":35}},"loc":{"start":{"line":67,"column":69},"end":{"line":70,"column":null}},"line":67},"7":{"name":"saveChecklist","decl":{"start":{"line":72,"column":16},"end":{"line":72,"column":30}},"loc":{"start":{"line":72,"column":100},"end":{"line":74,"column":null}},"line":72},"8":{"name":"resetChecklist","decl":{"start":{"line":76,"column":16},"end":{"line":76,"column":31}},"loc":{"start":{"line":76,"column":65},"end":{"line":78,"column":null}},"line":76},"9":{"name":"getBrandColor","decl":{"start":{"line":80,"column":22},"end":{"line":80,"column":36}},"loc":{"start":{"line":80,"column":61},"end":{"line":84,"column":null}},"line":80},"10":{"name":"saveBrandColor","decl":{"start":{"line":86,"column":16},"end":{"line":86,"column":31}},"loc":{"start":{"line":86,"column":64},"end":{"line":88,"column":null}},"line":86},"11":{"name":"resetBrandColor","decl":{"start":{"line":90,"column":16},"end":{"line":90,"column":32}},"loc":{"start":{"line":90,"column":50},"end":{"line":92,"column":null}},"line":90}},"branchMap":{"0":{"loc":{"start":{"line":31,"column":9},"end":{"line":31,"column":null}},"type":"binary-expr","locations":[{"start":{"line":31,"column":9},"end":{"line":31,"column":23}},{"start":{"line":31,"column":23},"end":{"line":31,"column":null}}],"line":31},"1":{"loc":{"start":{"line":36,"column":2},"end":{"line":39,"column":null}},"type":"if","locations":[{"start":{"line":36,"column":2},"end":{"line":39,"column":null}},{"start":{},"end":{}}],"line":36},"2":{"loc":{"start":{"line":38,"column":19},"end":{"line":38,"column":71}},"type":"binary-expr","locations":[{"start":{"line":38,"column":19},"end":{"line":38,"column":66}},{"start":{"line":38,"column":66},"end":{"line":38,"column":71}}],"line":38},"3":{"loc":{"start":{"line":50,"column":9},"end":{"line":50,"column":null}},"type":"binary-expr","locations":[{"start":{"line":50,"column":9},"end":{"line":50,"column":23}},{"start":{"line":50,"column":23},"end":{"line":50,"column":null}}],"line":50},"4":{"loc":{"start":{"line":55,"column":2},"end":{"line":58,"column":null}},"type":"if","locations":[{"start":{"line":55,"column":2},"end":{"line":58,"column":null}},{"start":{},"end":{}}],"line":55},"5":{"loc":{"start":{"line":57,"column":19},"end":{"line":57,"column":71}},"type":"binary-expr","locations":[{"start":{"line":57,"column":19},"end":{"line":57,"column":66}},{"start":{"line":57,"column":66},"end":{"line":57,"column":71}}],"line":57},"6":{"loc":{"start":{"line":69,"column":9},"end":{"line":69,"column":null}},"type":"binary-expr","locations":[{"start":{"line":69,"column":9},"end":{"line":69,"column":23}},{"start":{"line":69,"column":23},"end":{"line":69,"column":null}}],"line":69},"7":{"loc":{"start":{"line":81,"column":2},"end":{"line":81,"column":null}},"type":"if","locations":[{"start":{"line":81,"column":2},"end":{"line":81,"column":null}},{"start":{},"end":{}}],"line":81},"8":{"loc":{"start":{"line":83,"column":10},"end":{"line":83,"column":null}},"type":"binary-expr","locations":[{"start":{"line":83,"column":10},"end":{"line":83,"column":35}},{"start":{"line":83,"column":35},"end":{"line":83,"column":null}}],"line":83}},"s":{"0":1,"1":1,"2":1,"3":0,"4":0,"5":0,"6":0,"7":0,"8":0,"9":0,"10":0,"11":0,"12":0,"13":0,"14":0,"15":0,"16":0,"17":0,"18":0,"19":0,"20":0,"21":0,"22":0,"23":0,"24":0,"25":0,"26":0,"27":0,"28":0,"29":0,"30":0},"f":{"0":0,"1":0,"2":0,"3":0,"4":0,"5":0,"6":0,"7":0,"8":0,"9":0,"10":0,"11":0},"b":{"0":[0,0],"1":[0,0],"2":[0,0],"3":[0,0],"4":[0,0],"5":[0,0],"6":[0,0],"7":[0,0],"8":[0,0]},"meta":{"lastBranch":9,"lastFunction":12,"lastStatement":31,"seen":{"s:3:25:8:Infinity":0,"s:10:30:16:Infinity":1,"s:18:26:27:Infinity":2,"f:29:22:29:38":0,"s:30:14:30:Infinity":3,"s:31:2:31:Infinity":4,"b:31:9:31:23:31:23:31:Infinity":0,"f:34:22:34:39":1,"s:35:14:35:Infinity":5,"b:36:2:39:Infinity:undefined:undefined:undefined:undefined":1,"s:36:2:39:Infinity":6,"s:37:21:37:Infinity":7,"s:38:4:38:Infinity":8,"b:38:19:38:66:38:66:38:71":2,"s:40:2:40:Infinity":9,"s:41:2:41:Infinity":10,"f:44:16:44:34":2,"s:45:2:45:Infinity":11,"f:48:22:48:44":3,"s:49:14:49:Infinity":12,"s:50:2:50:Infinity":13,"b:50:9:50:23:50:23:50:Infinity":3,"f:53:22:53:45":4,"s:54:14:54:Infinity":14,"b:55:2:58:Infinity:undefined:undefined:undefined:undefined":4,"s:55:2:58:Infinity":15,"s:56:21:56:Infinity":16,"s:57:4:57:Infinity":17,"b:57:19:57:66:57:66:57:71":5,"s:59:2:59:Infinity":18,"s:60:2:60:Infinity":19,"f:63:16:63:40":5,"s:64:2:64:Infinity":20,"f:67:22:67:35":6,"s:68:14:68:Infinity":21,"s:69:2:69:Infinity":22,"b:69:9:69:23:69:23:69:Infinity":6,"f:72:16:72:30":7,"s:73:2:73:Infinity":23,"f:76:16:76:31":8,"s:77:2:77:Infinity":24,"f:80:22:80:36":9,"b:81:2:81:Infinity:undefined:undefined:undefined:undefined":7,"s:81:2:81:Infinity":25,"s:81:17:81:Infinity":26,"s:82:14:82:Infinity":27,"s:83:2:83:Infinity":28,"b:83:10:83:35:83:35:83:Infinity":8,"f:86:16:86:31":10,"s:87:2:87:Infinity":29,"f:90:16:90:32":11,"s:91:2:91:Infinity":30},"fnNames":{}}}
,"/app/src/services/userService.ts": {"path":"/app/src/services/userService.ts","statementMap":{"0":{"start":{"line":8,"column":4},"end":{"line":8,"column":null}},"1":{"start":{"line":9,"column":4},"end":{"line":9,"column":null}},"2":{"start":{"line":14,"column":2},"end":{"line":20,"column":null}},"3":{"start":{"line":24,"column":16},"end":{"line":24,"column":null}},"4":{"start":{"line":25,"column":2},"end":{"line":25,"column":null}},"5":{"start":{"line":29,"column":19},"end":{"line":29,"column":null}},"6":{"start":{"line":30,"column":2},"end":{"line":32,"column":null}},"7":{"start":{"line":31,"column":4},"end":{"line":31,"column":null}},"8":{"start":{"line":34,"column":15},"end":{"line":39,"column":null}},"9":{"start":{"line":41,"column":15},"end":{"line":41,"column":null}},"10":{"start":{"line":42,"column":2},"end":{"line":42,"column":null}},"11":{"start":{"line":44,"column":2},"end":{"line":44,"column":null}},"12":{"start":{"line":53,"column":2},"end":{"line":55,"column":null}},"13":{"start":{"line":54,"column":4},"end":{"line":54,"column":null}},"14":{"start":{"line":57,"column":17},"end":{"line":57,"column":null}},"15":{"start":{"line":58,"column":2},"end":{"line":60,"column":null}},"16":{"start":{"line":59,"column":4},"end":{"line":59,"column":null}},"17":{"start":{"line":62,"column":2},"end":{"line":65,"column":null}},"18":{"start":{"line":67,"column":2},"end":{"line":70,"column":null}},"19":{"start":{"line":68,"column":17},"end":{"line":68,"column":null}},"20":{"start":{"line":69,"column":4},"end":{"line":69,"column":null}},"21":{"start":{"line":74,"column":2},"end":{"line":76,"column":null}},"22":{"start":{"line":75,"column":4},"end":{"line":75,"column":null}},"23":{"start":{"line":78,"column":17},"end":{"line":78,"column":null}},"24":{"start":{"line":79,"column":2},"end":{"line":81,"column":null}},"25":{"start":{"line":80,"column":4},"end":{"line":80,"column":null}},"26":{"start":{"line":83,"column":2},"end":{"line":83,"column":null}}},"fnMap":{"0":{"name":"constructor","decl":{"start":{"line":7,"column":2},"end":{"line":7,"column":14}},"loc":{"start":{"line":7,"column":45},"end":{"line":10,"column":null}},"line":7},"1":{"name":"toSafeUser","decl":{"start":{"line":13,"column":9},"end":{"line":13,"column":20}},"loc":{"start":{"line":13,"column":138},"end":{"line":21,"column":null}},"line":13},"2":{"name":"listUsers","decl":{"start":{"line":23,"column":22},"end":{"line":23,"column":32}},"loc":{"start":{"line":23,"column":50},"end":{"line":26,"column":null}},"line":23},"3":{"name":"createUserInTenant","decl":{"start":{"line":28,"column":22},"end":{"line":28,"column":41}},"loc":{"start":{"line":28,"column":147},"end":{"line":45,"column":null}},"line":28},"4":{"name":"updateUserProfile","decl":{"start":{"line":47,"column":22},"end":{"line":47,"column":null}},"loc":{"start":{"line":52,"column":2},"end":{"line":71,"column":null}},"line":52},"5":{"name":"deleteUser","decl":{"start":{"line":73,"column":22},"end":{"line":73,"column":33}},"loc":{"start":{"line":73,"column":90},"end":{"line":84,"column":null}},"line":73}},"branchMap":{"0":{"loc":{"start":{"line":7,"column":31},"end":{"line":7,"column":45}},"type":"default-arg","locations":[{"start":{"line":7,"column":40},"end":{"line":7,"column":45}}],"line":7},"1":{"loc":{"start":{"line":18,"column":10},"end":{"line":18,"column":null}},"type":"binary-expr","locations":[{"start":{"line":18,"column":10},"end":{"line":18,"column":44}},{"start":{"line":18,"column":44},"end":{"line":18,"column":null}}],"line":18},"2":{"loc":{"start":{"line":30,"column":2},"end":{"line":32,"column":null}},"type":"if","locations":[{"start":{"line":30,"column":2},"end":{"line":32,"column":null}},{"start":{},"end":{}}],"line":30},"3":{"loc":{"start":{"line":37,"column":17},"end":{"line":37,"column":null}},"type":"binary-expr","locations":[{"start":{"line":37,"column":17},"end":{"line":37,"column":37}},{"start":{"line":37,"column":37},"end":{"line":37,"column":null}}],"line":37},"4":{"loc":{"start":{"line":41,"column":43},"end":{"line":41,"column":83}},"type":"cond-expr","locations":[{"start":{"line":41,"column":67},"end":{"line":41,"column":77}},{"start":{"line":41,"column":77},"end":{"line":41,"column":83}}],"line":41},"5":{"loc":{"start":{"line":53,"column":2},"end":{"line":55,"column":null}},"type":"if","locations":[{"start":{"line":53,"column":2},"end":{"line":55,"column":null}},{"start":{},"end":{}}],"line":53},"6":{"loc":{"start":{"line":53,"column":6},"end":{"line":53,"column":63}},"type":"binary-expr","locations":[{"start":{"line":53,"column":6},"end":{"line":53,"column":36}},{"start":{"line":53,"column":36},"end":{"line":53,"column":63}}],"line":53},"7":{"loc":{"start":{"line":58,"column":2},"end":{"line":60,"column":null}},"type":"if","locations":[{"start":{"line":58,"column":2},"end":{"line":60,"column":null}},{"start":{},"end":{}}],"line":58},"8":{"loc":{"start":{"line":58,"column":6},"end":{"line":58,"column":47}},"type":"binary-expr","locations":[{"start":{"line":58,"column":6},"end":{"line":58,"column":17}},{"start":{"line":58,"column":17},"end":{"line":58,"column":47}}],"line":58},"9":{"loc":{"start":{"line":64,"column":18},"end":{"line":64,"column":null}},"type":"cond-expr","locations":[{"start":{"line":64,"column":23},"end":{"line":64,"column":64}},{"start":{"line":64,"column":64},"end":{"line":64,"column":null}}],"line":64},"10":{"loc":{"start":{"line":67,"column":2},"end":{"line":70,"column":null}},"type":"if","locations":[{"start":{"line":67,"column":2},"end":{"line":70,"column":null}},{"start":{},"end":{}}],"line":67},"11":{"loc":{"start":{"line":67,"column":6},"end":{"line":67,"column":47}},"type":"binary-expr","locations":[{"start":{"line":67,"column":6},"end":{"line":67,"column":19}},{"start":{"line":67,"column":19},"end":{"line":67,"column":47}}],"line":67},"12":{"loc":{"start":{"line":74,"column":2},"end":{"line":76,"column":null}},"type":"if","locations":[{"start":{"line":74,"column":2},"end":{"line":76,"column":null}},{"start":{},"end":{}}],"line":74},"13":{"loc":{"start":{"line":79,"column":2},"end":{"line":81,"column":null}},"type":"if","locations":[{"start":{"line":79,"column":2},"end":{"line":81,"column":null}},{"start":{},"end":{}}],"line":79},"14":{"loc":{"start":{"line":79,"column":6},"end":{"line":79,"column":47}},"type":"binary-expr","locations":[{"start":{"line":79,"column":6},"end":{"line":79,"column":17}},{"start":{"line":79,"column":17},"end":{"line":79,"column":47}}],"line":79}},"s":{"0":0,"1":0,"2":0,"3":0,"4":0,"5":0,"6":0,"7":0,"8":0,"9":0,"10":0,"11":0,"12":0,"13":0,"14":0,"15":0,"16":0,"17":0,"18":0,"19":0,"20":0,"21":0,"22":0,"23":0,"24":0,"25":0,"26":0},"f":{"0":0,"1":0,"2":0,"3":0,"4":0,"5":0},"b":{"0":[0],"1":[0,0],"2":[0,0],"3":[0,0],"4":[0,0],"5":[0,0],"6":[0,0],"7":[0,0],"8":[0,0],"9":[0,0],"10":[0,0],"11":[0,0],"12":[0,0],"13":[0,0],"14":[0,0]},"meta":{"lastBranch":15,"lastFunction":6,"lastStatement":27,"seen":{"f:7:2:7:14":0,"b:7:40:7:45":0,"s:8:4:8:Infinity":0,"s:9:4:9:Infinity":1,"f:13:9:13:20":1,"s:14:2:20:Infinity":2,"b:18:10:18:44:18:44:18:Infinity":1,"f:23:22:23:32":2,"s:24:16:24:Infinity":3,"s:25:2:25:Infinity":4,"f:28:22:28:41":3,"s:29:19:29:Infinity":5,"b:30:2:32:Infinity:undefined:undefined:undefined:undefined":2,"s:30:2:32:Infinity":6,"s:31:4:31:Infinity":7,"s:34:15:39:Infinity":8,"b:37:17:37:37:37:37:37:Infinity":3,"s:41:15:41:Infinity":9,"b:41:67:41:77:41:77:41:83":4,"s:42:2:42:Infinity":10,"s:44:2:44:Infinity":11,"f:47:22:47:Infinity":4,"b:53:2:55:Infinity:undefined:undefined:undefined:undefined":5,"s:53:2:55:Infinity":12,"b:53:6:53:36:53:36:53:63":6,"s:54:4:54:Infinity":13,"s:57:17:57:Infinity":14,"b:58:2:60:Infinity:undefined:undefined:undefined:undefined":7,"s:58:2:60:Infinity":15,"b:58:6:58:17:58:17:58:47":8,"s:59:4:59:Infinity":16,"s:62:2:65:Infinity":17,"b:64:23:64:64:64:64:64:Infinity":9,"b:67:2:70:Infinity:undefined:undefined:undefined:undefined":10,"s:67:2:70:Infinity":18,"b:67:6:67:19:67:19:67:47":11,"s:68:17:68:Infinity":19,"s:69:4:69:Infinity":20,"f:73:22:73:33":5,"b:74:2:76:Infinity:undefined:undefined:undefined:undefined":12,"s:74:2:76:Infinity":21,"s:75:4:75:Infinity":22,"s:78:17:78:Infinity":23,"b:79:2:81:Infinity:undefined:undefined:undefined:undefined":13,"s:79:2:81:Infinity":24,"b:79:6:79:17:79:17:79:47":14,"s:80:4:80:Infinity":25,"s:83:2:83:Infinity":26},"fnNames":{}}}
,"/app/src/services/workflowService.ts": {"path":"/app/src/services/workflowService.ts","statementMap":{"0":{"start":{"line":6,"column":2},"end":{"line":6,"column":null}},"1":{"start":{"line":10,"column":19},"end":{"line":10,"column":null}},"2":{"start":{"line":11,"column":2},"end":{"line":11,"column":null}},"3":{"start":{"line":15,"column":19},"end":{"line":15,"column":null}},"4":{"start":{"line":16,"column":2},"end":{"line":16,"column":null}},"5":{"start":{"line":16,"column":17},"end":{"line":16,"column":null}},"6":{"start":{"line":17,"column":2},"end":{"line":21,"column":null}},"7":{"start":{"line":25,"column":19},"end":{"line":25,"column":null}},"8":{"start":{"line":26,"column":2},"end":{"line":26,"column":null}},"9":{"start":{"line":26,"column":17},"end":{"line":26,"column":null}},"10":{"start":{"line":27,"column":2},"end":{"line":27,"column":null}},"11":{"start":{"line":28,"column":2},"end":{"line":28,"column":null}}},"fnMap":{"0":{"name":"getWorkflow","decl":{"start":{"line":5,"column":16},"end":{"line":5,"column":28}},"loc":{"start":{"line":5,"column":46},"end":{"line":7,"column":null}},"line":5},"1":{"name":"saveWorkflow","decl":{"start":{"line":9,"column":22},"end":{"line":9,"column":35}},"loc":{"start":{"line":9,"column":128},"end":{"line":12,"column":null}},"line":9},"2":{"name":"updateWorkflow","decl":{"start":{"line":14,"column":22},"end":{"line":14,"column":37}},"loc":{"start":{"line":14,"column":130},"end":{"line":22,"column":null}},"line":14},"3":{"name":"removeWorkflow","decl":{"start":{"line":24,"column":22},"end":{"line":24,"column":37}},"loc":{"start":{"line":24,"column":55},"end":{"line":29,"column":null}},"line":24}},"branchMap":{"0":{"loc":{"start":{"line":11,"column":61},"end":{"line":11,"column":83}},"type":"binary-expr","locations":[{"start":{"line":11,"column":61},"end":{"line":11,"column":77}},{"start":{"line":11,"column":77},"end":{"line":11,"column":83}}],"line":11},"1":{"loc":{"start":{"line":16,"column":2},"end":{"line":16,"column":null}},"type":"if","locations":[{"start":{"line":16,"column":2},"end":{"line":16,"column":null}},{"start":{},"end":{}}],"line":16},"2":{"loc":{"start":{"line":18,"column":10},"end":{"line":18,"column":null}},"type":"binary-expr","locations":[{"start":{"line":18,"column":10},"end":{"line":18,"column":23}},{"start":{"line":18,"column":23},"end":{"line":18,"column":null}}],"line":18},"3":{"loc":{"start":{"line":19,"column":11},"end":{"line":19,"column":null}},"type":"binary-expr","locations":[{"start":{"line":19,"column":11},"end":{"line":19,"column":25}},{"start":{"line":19,"column":25},"end":{"line":19,"column":null}}],"line":19},"4":{"loc":{"start":{"line":20,"column":11},"end":{"line":20,"column":null}},"type":"binary-expr","locations":[{"start":{"line":20,"column":11},"end":{"line":20,"column":25}},{"start":{"line":20,"column":25},"end":{"line":20,"column":null}}],"line":20},"5":{"loc":{"start":{"line":26,"column":2},"end":{"line":26,"column":null}},"type":"if","locations":[{"start":{"line":26,"column":2},"end":{"line":26,"column":null}},{"start":{},"end":{}}],"line":26}},"s":{"0":0,"1":0,"2":0,"3":0,"4":0,"5":0,"6":0,"7":0,"8":0,"9":0,"10":0,"11":0},"f":{"0":0,"1":0,"2":0,"3":0},"b":{"0":[0,0],"1":[0,0],"2":[0,0],"3":[0,0],"4":[0,0],"5":[0,0]},"meta":{"lastBranch":6,"lastFunction":4,"lastStatement":12,"seen":{"f:5:16:5:28":0,"s:6:2:6:Infinity":0,"f:9:22:9:35":1,"s:10:19:10:Infinity":1,"s:11:2:11:Infinity":2,"b:11:61:11:77:11:77:11:83":0,"f:14:22:14:37":2,"s:15:19:15:Infinity":3,"b:16:2:16:Infinity:undefined:undefined:undefined:undefined":1,"s:16:2:16:Infinity":4,"s:16:17:16:Infinity":5,"s:17:2:21:Infinity":6,"b:18:10:18:23:18:23:18:Infinity":2,"b:19:11:19:25:19:25:19:Infinity":3,"b:20:11:20:25:20:25:20:Infinity":4,"f:24:22:24:37":3,"s:25:19:25:Infinity":7,"b:26:2:26:Infinity:undefined:undefined:undefined:undefined":5,"s:26:2:26:Infinity":8,"s:26:17:26:Infinity":9,"s:27:2:27:Infinity":10,"s:28:2:28:Infinity":11},"fnNames":{}}}
,"/app/src/validators/index.ts": {"path":"/app/src/validators/index.ts","statementMap":{"0":{"start":{"line":3,"column":30},"end":{"line":7,"column":null}},"1":{"start":{"line":9,"column":27},"end":{"line":12,"column":null}},"2":{"start":{"line":14,"column":34},"end":{"line":18,"column":null}},"3":{"start":{"line":20,"column":29},"end":{"line":25,"column":null}},"4":{"start":{"line":27,"column":29},"end":{"line":31,"column":null}},"5":{"start":{"line":33,"column":34},"end":{"line":33,"column":null}},"6":{"start":{"line":34,"column":34},"end":{"line":34,"column":null}},"7":{"start":{"line":36,"column":32},"end":{"line":36,"column":null}},"8":{"start":{"line":38,"column":31},"end":{"line":38,"column":null}},"9":{"start":{"line":40,"column":32},"end":{"line":45,"column":null}},"10":{"start":{"line":47,"column":32},"end":{"line":51,"column":null}},"11":{"start":{"line":53,"column":27},"end":{"line":57,"column":null}},"12":{"start":{"line":59,"column":28},"end":{"line":63,"column":null}}},"fnMap":{},"branchMap":{},"s":{"0":1,"1":1,"2":1,"3":1,"4":1,"5":1,"6":1,"7":1,"8":1,"9":1,"10":1,"11":1,"12":1},"f":{},"b":{},"meta":{"lastBranch":0,"lastFunction":0,"lastStatement":13,"seen":{"s:3:30:7:Infinity":0,"s:9:27:12:Infinity":1,"s:14:34:18:Infinity":2,"s:20:29:25:Infinity":3,"s:27:29:31:Infinity":4,"s:33:34:33:Infinity":5,"s:34:34:34:Infinity":6,"s:36:32:36:Infinity":7,"s:38:31:38:Infinity":8,"s:40:32:45:Infinity":9,"s:47:32:51:Infinity":10,"s:53:27:57:Infinity":11,"s:59:28:63:Infinity":12},"fnNames":{}}}
}
